[0mCompiling "target/cljsbuild/public/js/app.js" from ("src/cljc" "src/cljs" "env/dev/cljs")...
[0mCompiling "target/cljsbuild/public/js/app.js" from ("src/cljc" "src/cljs" "env/dev/cljs")...
[31mCompiling "target/cljsbuild/public/js/app.js" failed.
[0mclojure.lang.ExceptionInfo: Namespace .megasite.components.common has a segment starting with an invaild JavaScript identifier at line 1 src/cljs/megasite/components/common.cljs
 at clojure.core$ex_info.invokeStatic (core.clj:4617)
    clojure.core$ex_info.invoke (core.clj:4617)
    cljs.analyzer$error.invokeStatic (analyzer.cljc:576)
    cljs.analyzer$error.invoke (analyzer.cljc:572)
    cljs.analyzer$analyze_seq_STAR__wrap.invokeStatic (analyzer.cljc:2414)
    cljs.analyzer$analyze_seq_STAR__wrap.invoke (analyzer.cljc:2413)
    cljs.analyzer$analyze_seq.invokeStatic (analyzer.cljc:2436)
    cljs.analyzer$analyze_seq.invoke (analyzer.cljc:2417)
    cljs.analyzer$analyze_form.invokeStatic (analyzer.cljc:2549)
    cljs.analyzer$analyze_form.invoke (analyzer.cljc:2545)
    cljs.analyzer$analyze_STAR_.invokeStatic (analyzer.cljc:2596)
    cljs.analyzer$analyze_STAR_.invoke (analyzer.cljc:2587)
    cljs.analyzer$analyze.invokeStatic (analyzer.cljc:2612)
    cljs.analyzer$analyze.invoke (analyzer.cljc:2599)
    cljs.analyzer$parse_ns$fn__20828$fn__20829.invoke (analyzer.cljc:2728)
    cljs.analyzer$parse_ns$fn__20828.invoke (analyzer.cljc:2728)
    cljs.analyzer$parse_ns.invokeStatic (analyzer.cljc:2706)
    cljs.analyzer$parse_ns.invoke (analyzer.cljc:2687)
    cljs.analyzer$parse_ns.invokeStatic (analyzer.cljc:2697)
    cljs.analyzer$parse_ns.invoke (analyzer.cljc:2687)
    cljs.compiler$find_source.invokeStatic (compiler.cljc:1415)
    cljs.compiler$find_source.invoke (compiler.cljc:1414)
    clojure.core$map$fn__4785.invoke (core.clj:2646)
    clojure.lang.LazySeq.sval (LazySeq.java:40)
    clojure.lang.LazySeq.seq (LazySeq.java:49)
    clojure.lang.RT.seq (RT.java:521)
    clojure.core$seq__4357.invokeStatic (core.clj:137)
    clojure.core$concat$cat__4448$fn__4449.invoke (core.clj:715)
    clojure.lang.LazySeq.sval (LazySeq.java:40)
    clojure.lang.LazySeq.seq (LazySeq.java:49)
[32mSuccessfully compiled "target/cljsbuild/public/js/app.js" in 0.039 seconds.[0m
[0mCompiling "target/cljsbuild/public/js/app.js" from ("src/cljc" "src/cljs" "env/dev/cljs")...
[31mCompiling "target/cljsbuild/public/js/app.js" failed.
[0mclojure.lang.ExceptionInfo: Namespace .megasite.components.common has a segment starting with an invaild JavaScript identifier at line 1 src/cljs/megasite/components/common.cljs
 at clojure.core$ex_info.invokeStatic (core.clj:4617)
    clojure.core$ex_info.invoke (core.clj:4617)
    cljs.analyzer$error.invokeStatic (analyzer.cljc:576)
    cljs.analyzer$error.invoke (analyzer.cljc:572)
    cljs.analyzer$analyze_seq_STAR__wrap.invokeStatic (analyzer.cljc:2414)
    cljs.analyzer$analyze_seq_STAR__wrap.invoke (analyzer.cljc:2413)
    cljs.analyzer$analyze_seq.invokeStatic (analyzer.cljc:2436)
    cljs.analyzer$analyze_seq.invoke (analyzer.cljc:2417)
    cljs.analyzer$analyze_form.invokeStatic (analyzer.cljc:2549)
    cljs.analyzer$analyze_form.invoke (analyzer.cljc:2545)
    cljs.analyzer$analyze_STAR_.invokeStatic (analyzer.cljc:2596)
    cljs.analyzer$analyze_STAR_.invoke (analyzer.cljc:2587)
    cljs.analyzer$analyze.invokeStatic (analyzer.cljc:2612)
    cljs.analyzer$analyze.invoke (analyzer.cljc:2599)
    cljs.analyzer$parse_ns$fn__20828$fn__20829.invoke (analyzer.cljc:2728)
    cljs.analyzer$parse_ns$fn__20828.invoke (analyzer.cljc:2728)
    cljs.analyzer$parse_ns.invokeStatic (analyzer.cljc:2706)
    cljs.analyzer$parse_ns.invoke (analyzer.cljc:2687)
    cljs.analyzer$parse_ns.invokeStatic (analyzer.cljc:2697)
    cljs.analyzer$parse_ns.invoke (analyzer.cljc:2687)
    cljs.compiler$find_source.invokeStatic (compiler.cljc:1415)
    cljs.compiler$find_source.invoke (compiler.cljc:1414)
    clojure.core$map$fn__4785.invoke (core.clj:2646)
    clojure.lang.LazySeq.sval (LazySeq.java:40)
    clojure.lang.LazySeq.seq (LazySeq.java:49)
    clojure.lang.RT.seq (RT.java:521)
    clojure.core$seq__4357.invokeStatic (core.clj:137)
    clojure.core$concat$cat__4448$fn__4449.invoke (core.clj:715)
    clojure.lang.LazySeq.sval (LazySeq.java:40)
    clojure.lang.LazySeq.seq (LazySeq.java:49)
[32mSuccessfully compiled "target/cljsbuild/public/js/app.js" in 0.021 seconds.[0m
[0mCompiling "target/cljsbuild/public/js/app.js" from ("src/cljc" "src/cljs" "env/dev/cljs")...
[31mCompiling "target/cljsbuild/public/js/app.js" failed.
[0mclojure.lang.ExceptionInfo: Namespace .megasite.components.common has a segment starting with an invaild JavaScript identifier at line 1 src/cljs/megasite/components/common.cljs
 at clojure.core$ex_info.invokeStatic (core.clj:4617)
    clojure.core$ex_info.invoke (core.clj:4617)
    cljs.analyzer$error.invokeStatic (analyzer.cljc:576)
    cljs.analyzer$error.invoke (analyzer.cljc:572)
    cljs.analyzer$analyze_seq_STAR__wrap.invokeStatic (analyzer.cljc:2414)
    cljs.analyzer$analyze_seq_STAR__wrap.invoke (analyzer.cljc:2413)
    cljs.analyzer$analyze_seq.invokeStatic (analyzer.cljc:2436)
    cljs.analyzer$analyze_seq.invoke (analyzer.cljc:2417)
    cljs.analyzer$analyze_form.invokeStatic (analyzer.cljc:2549)
    cljs.analyzer$analyze_form.invoke (analyzer.cljc:2545)
    cljs.analyzer$analyze_STAR_.invokeStatic (analyzer.cljc:2596)
    cljs.analyzer$analyze_STAR_.invoke (analyzer.cljc:2587)
    cljs.analyzer$analyze.invokeStatic (analyzer.cljc:2612)
    cljs.analyzer$analyze.invoke (analyzer.cljc:2599)
    cljs.analyzer$parse_ns$fn__20828$fn__20829.invoke (analyzer.cljc:2728)
    cljs.analyzer$parse_ns$fn__20828.invoke (analyzer.cljc:2728)
    cljs.analyzer$parse_ns.invokeStatic (analyzer.cljc:2706)
    cljs.analyzer$parse_ns.invoke (analyzer.cljc:2687)
    cljs.analyzer$parse_ns.invokeStatic (analyzer.cljc:2697)
    cljs.analyzer$parse_ns.invoke (analyzer.cljc:2687)
    cljs.compiler$find_source.invokeStatic (compiler.cljc:1415)
    cljs.compiler$find_source.invoke (compiler.cljc:1414)
    clojure.core$map$fn__4785.invoke (core.clj:2646)
    clojure.lang.LazySeq.sval (LazySeq.java:40)
    clojure.lang.LazySeq.seq (LazySeq.java:49)
    clojure.lang.RT.seq (RT.java:521)
    clojure.core$seq__4357.invokeStatic (core.clj:137)
    clojure.core$concat$cat__4448$fn__4449.invoke (core.clj:715)
    clojure.lang.LazySeq.sval (LazySeq.java:40)
    clojure.lang.LazySeq.seq (LazySeq.java:49)
[32mSuccessfully compiled "target/cljsbuild/public/js/app.js" in 0.022 seconds.[0m
[0mCompiling "target/cljsbuild/public/js/app.js" from ("src/cljc" "src/cljs" "env/dev/cljs")...
[31mCompiling "target/cljsbuild/public/js/app.js" failed.
[0mclojure.lang.ExceptionInfo: Namespace .megasite.components.common has a segment starting with an invaild JavaScript identifier at line 1 src/cljs/megasite/components/common.cljs
 at clojure.core$ex_info.invokeStatic (core.clj:4617)
    clojure.core$ex_info.invoke (core.clj:4617)
    cljs.analyzer$error.invokeStatic (analyzer.cljc:576)
    cljs.analyzer$error.invoke (analyzer.cljc:572)
    cljs.analyzer$analyze_seq_STAR__wrap.invokeStatic (analyzer.cljc:2414)
    cljs.analyzer$analyze_seq_STAR__wrap.invoke (analyzer.cljc:2413)
    cljs.analyzer$analyze_seq.invokeStatic (analyzer.cljc:2436)
    cljs.analyzer$analyze_seq.invoke (analyzer.cljc:2417)
    cljs.analyzer$analyze_form.invokeStatic (analyzer.cljc:2549)
    cljs.analyzer$analyze_form.invoke (analyzer.cljc:2545)
    cljs.analyzer$analyze_STAR_.invokeStatic (analyzer.cljc:2596)
    cljs.analyzer$analyze_STAR_.invoke (analyzer.cljc:2587)
    cljs.analyzer$analyze.invokeStatic (analyzer.cljc:2612)
    cljs.analyzer$analyze.invoke (analyzer.cljc:2599)
    cljs.analyzer$parse_ns$fn__20828$fn__20829.invoke (analyzer.cljc:2728)
    cljs.analyzer$parse_ns$fn__20828.invoke (analyzer.cljc:2728)
    cljs.analyzer$parse_ns.invokeStatic (analyzer.cljc:2706)
    cljs.analyzer$parse_ns.invoke (analyzer.cljc:2687)
    cljs.analyzer$parse_ns.invokeStatic (analyzer.cljc:2697)
    cljs.analyzer$parse_ns.invoke (analyzer.cljc:2687)
    cljs.compiler$find_source.invokeStatic (compiler.cljc:1415)
    cljs.compiler$find_source.invoke (compiler.cljc:1414)
    clojure.core$map$fn__4785.invoke (core.clj:2646)
    clojure.lang.LazySeq.sval (LazySeq.java:40)
    clojure.lang.LazySeq.seq (LazySeq.java:49)
    clojure.lang.RT.seq (RT.java:521)
    clojure.core$seq__4357.invokeStatic (core.clj:137)
    clojure.core$concat$cat__4448$fn__4449.invoke (core.clj:715)
    clojure.lang.LazySeq.sval (LazySeq.java:40)
    clojure.lang.LazySeq.seq (LazySeq.java:49)
[32mSuccessfully compiled "target/cljsbuild/public/js/app.js" in 0.019 seconds.[0m
[0mCompiling "target/cljsbuild/public/js/app.js" from ("src/cljc" "src/cljs" "env/dev/cljs")...
[31mCompiling "target/cljsbuild/public/js/app.js" failed.
[0mclojure.lang.ExceptionInfo: Namespace .megasite.components.common has a segment starting with an invaild JavaScript identifier at line 1 src/cljs/megasite/components/common.cljs
 at clojure.core$ex_info.invokeStatic (core.clj:4617)
    clojure.core$ex_info.invoke (core.clj:4617)
    cljs.analyzer$error.invokeStatic (analyzer.cljc:576)
    cljs.analyzer$error.invoke (analyzer.cljc:572)
    cljs.analyzer$analyze_seq_STAR__wrap.invokeStatic (analyzer.cljc:2414)
    cljs.analyzer$analyze_seq_STAR__wrap.invoke (analyzer.cljc:2413)
    cljs.analyzer$analyze_seq.invokeStatic (analyzer.cljc:2436)
    cljs.analyzer$analyze_seq.invoke (analyzer.cljc:2417)
    cljs.analyzer$analyze_form.invokeStatic (analyzer.cljc:2549)
    cljs.analyzer$analyze_form.invoke (analyzer.cljc:2545)
    cljs.analyzer$analyze_STAR_.invokeStatic (analyzer.cljc:2596)
    cljs.analyzer$analyze_STAR_.invoke (analyzer.cljc:2587)
    cljs.analyzer$analyze.invokeStatic (analyzer.cljc:2612)
    cljs.analyzer$analyze.invoke (analyzer.cljc:2599)
    cljs.analyzer$parse_ns$fn__20828$fn__20829.invoke (analyzer.cljc:2728)
    cljs.analyzer$parse_ns$fn__20828.invoke (analyzer.cljc:2728)
    cljs.analyzer$parse_ns.invokeStatic (analyzer.cljc:2706)
    cljs.analyzer$parse_ns.invoke (analyzer.cljc:2687)
    cljs.analyzer$parse_ns.invokeStatic (analyzer.cljc:2697)
    cljs.analyzer$parse_ns.invoke (analyzer.cljc:2687)
    cljs.compiler$find_source.invokeStatic (compiler.cljc:1415)
    cljs.compiler$find_source.invoke (compiler.cljc:1414)
    clojure.core$map$fn__4785.invoke (core.clj:2646)
    clojure.lang.LazySeq.sval (LazySeq.java:40)
    clojure.lang.LazySeq.seq (LazySeq.java:49)
    clojure.lang.RT.seq (RT.java:521)
    clojure.core$seq__4357.invokeStatic (core.clj:137)
    clojure.core$concat$cat__4448$fn__4449.invoke (core.clj:715)
    clojure.lang.LazySeq.sval (LazySeq.java:40)
    clojure.lang.LazySeq.seq (LazySeq.java:49)
[32mSuccessfully compiled "target/cljsbuild/public/js/app.js" in 0.02 seconds.[0m
[0mCompiling "target/cljsbuild/public/js/app.js" from ("src/cljc" "src/cljs" "env/dev/cljs")...
[31mCompiling "target/cljsbuild/public/js/app.js" failed.
[0mclojure.lang.ExceptionInfo: Namespace .megasite.components.common has a segment starting with an invaild JavaScript identifier at line 1 src/cljs/megasite/components/common.cljs
 at clojure.core$ex_info.invokeStatic (core.clj:4617)
    clojure.core$ex_info.invoke (core.clj:4617)
    cljs.analyzer$error.invokeStatic (analyzer.cljc:576)
    cljs.analyzer$error.invoke (analyzer.cljc:572)
    cljs.analyzer$analyze_seq_STAR__wrap.invokeStatic (analyzer.cljc:2414)
    cljs.analyzer$analyze_seq_STAR__wrap.invoke (analyzer.cljc:2413)
    cljs.analyzer$analyze_seq.invokeStatic (analyzer.cljc:2436)
    cljs.analyzer$analyze_seq.invoke (analyzer.cljc:2417)
    cljs.analyzer$analyze_form.invokeStatic (analyzer.cljc:2549)
    cljs.analyzer$analyze_form.invoke (analyzer.cljc:2545)
    cljs.analyzer$analyze_STAR_.invokeStatic (analyzer.cljc:2596)
    cljs.analyzer$analyze_STAR_.invoke (analyzer.cljc:2587)
    cljs.analyzer$analyze.invokeStatic (analyzer.cljc:2612)
    cljs.analyzer$analyze.invoke (analyzer.cljc:2599)
    cljs.analyzer$parse_ns$fn__20828$fn__20829.invoke (analyzer.cljc:2728)
    cljs.analyzer$parse_ns$fn__20828.invoke (analyzer.cljc:2728)
    cljs.analyzer$parse_ns.invokeStatic (analyzer.cljc:2706)
    cljs.analyzer$parse_ns.invoke (analyzer.cljc:2687)
    cljs.analyzer$parse_ns.invokeStatic (analyzer.cljc:2697)
    cljs.analyzer$parse_ns.invoke (analyzer.cljc:2687)
    cljs.compiler$find_source.invokeStatic (compiler.cljc:1415)
    cljs.compiler$find_source.invoke (compiler.cljc:1414)
    clojure.core$map$fn__4785.invoke (core.clj:2646)
    clojure.lang.LazySeq.sval (LazySeq.java:40)
    clojure.lang.LazySeq.seq (LazySeq.java:49)
    clojure.lang.RT.seq (RT.java:521)
    clojure.core$seq__4357.invokeStatic (core.clj:137)
    clojure.core$concat$cat__4448$fn__4449.invoke (core.clj:715)
    clojure.lang.LazySeq.sval (LazySeq.java:40)
    clojure.lang.LazySeq.seq (LazySeq.java:49)
[32mSuccessfully compiled "target/cljsbuild/public/js/app.js" in 0.022 seconds.[0m
[0mCompiling "target/cljsbuild/public/js/app.js" from ("src/cljc" "src/cljs" "env/dev/cljs")...
[31mCompiling "target/cljsbuild/public/js/app.js" failed.
[0mclojure.lang.ExceptionInfo: Namespace .megasite.components.common has a segment starting with an invaild JavaScript identifier at line 1 src/cljs/megasite/components/common.cljs
 at clojure.core$ex_info.invokeStatic (core.clj:4617)
    clojure.core$ex_info.invoke (core.clj:4617)
    cljs.analyzer$error.invokeStatic (analyzer.cljc:576)
    cljs.analyzer$error.invoke (analyzer.cljc:572)
    cljs.analyzer$analyze_seq_STAR__wrap.invokeStatic (analyzer.cljc:2414)
    cljs.analyzer$analyze_seq_STAR__wrap.invoke (analyzer.cljc:2413)
    cljs.analyzer$analyze_seq.invokeStatic (analyzer.cljc:2436)
    cljs.analyzer$analyze_seq.invoke (analyzer.cljc:2417)
    cljs.analyzer$analyze_form.invokeStatic (analyzer.cljc:2549)
    cljs.analyzer$analyze_form.invoke (analyzer.cljc:2545)
    cljs.analyzer$analyze_STAR_.invokeStatic (analyzer.cljc:2596)
    cljs.analyzer$analyze_STAR_.invoke (analyzer.cljc:2587)
    cljs.analyzer$analyze.invokeStatic (analyzer.cljc:2612)
    cljs.analyzer$analyze.invoke (analyzer.cljc:2599)
    cljs.analyzer$parse_ns$fn__20828$fn__20829.invoke (analyzer.cljc:2728)
    cljs.analyzer$parse_ns$fn__20828.invoke (analyzer.cljc:2728)
    cljs.analyzer$parse_ns.invokeStatic (analyzer.cljc:2706)
    cljs.analyzer$parse_ns.invoke (analyzer.cljc:2687)
    cljs.analyzer$parse_ns.invokeStatic (analyzer.cljc:2697)
    cljs.analyzer$parse_ns.invoke (analyzer.cljc:2687)
    cljs.compiler$find_source.invokeStatic (compiler.cljc:1415)
    cljs.compiler$find_source.invoke (compiler.cljc:1414)
    clojure.core$map$fn__4785.invoke (core.clj:2646)
    clojure.lang.LazySeq.sval (LazySeq.java:40)
    clojure.lang.LazySeq.seq (LazySeq.java:49)
    clojure.lang.RT.seq (RT.java:521)
    clojure.core$seq__4357.invokeStatic (core.clj:137)
    clojure.core$concat$cat__4448$fn__4449.invoke (core.clj:715)
    clojure.lang.LazySeq.sval (LazySeq.java:40)
    clojure.lang.LazySeq.seq (LazySeq.java:49)
[32mSuccessfully compiled "target/cljsbuild/public/js/app.js" in 0.036 seconds.[0m
[0mCompiling "target/cljsbuild/public/js/app.js" from ("src/cljc" "src/cljs" "env/dev/cljs")...
notifying browser that file changed:  target/cljsbuild/public/js/out/goog/deps.js
notifying browser that file changed:  target/cljsbuild/public/js/out/cljs_deps.js
notifying browser that file changed:  out/megasite/components/common.js
[32mSuccessfully compiled "target/cljsbuild/public/js/app.js" in 1.785 seconds.[0m
[0mCompiling "target/cljsbuild/public/js/app.js" from ("src/cljc" "src/cljs" "env/dev/cljs")...
notifying browser that file changed:  out/megasite/core.js
[32mSuccessfully compiled "target/cljsbuild/public/js/app.js" in 0.191 seconds.[0m
[0mCompiling "target/cljsbuild/public/js/app.js" from ("src/cljc" "src/cljs" "env/dev/cljs")...
notifying browser that file changed:  target/cljsbuild/public/js/out/goog/deps.js
notifying browser that file changed:  target/cljsbuild/public/js/out/cljs_deps.js
notifying browser that file changed:  out/megasite/components/common.js
[32mSuccessfully compiled "target/cljsbuild/public/js/app.js" in 0.815 seconds.[0m
[0mCompiling "target/cljsbuild/public/js/app.js" from ("src/cljc" "src/cljs" "env/dev/cljs")...
WARNING: Use of undeclared Var megasite.core/history at line 78 /home/rebel/developer/megasite/src/cljs/megasite/core.cljs
WARNING: Use of undeclared Var megasite.core/history at line 78 /home/rebel/developer/megasite/src/cljs/megasite/core.cljs
WARNING: No such namespace: historyeventtype, could not locate historyeventtype.cljs, historyeventtype.cljc, or Closure namespace "" at line 80 /home/rebel/developer/megasite/src/cljs/megasite/core.cljs
WARNING: Use of undeclared Var historyeventtype/navigate at line 80 /home/rebel/developer/megasite/src/cljs/megasite/core.cljs
notifying browser that file changed:  out/megasite/core.js
[32mSuccessfully compiled "target/cljsbuild/public/js/app.js" in 0.399 seconds.[0m
[0mCompiling "target/cljsbuild/public/js/app.js" from ("src/cljc" "src/cljs" "env/dev/cljs")...
[31mCompiling "target/cljsbuild/public/js/app.js" failed.
[0mANALYSIS ERROR: No such namespace: megasite.components.registration, could not locate megasite/components/registration.cljs, megasite/components/registration.cljc, or Closure namespace "megasite.components.registration" in file /home/rebel/developer/megasite/src/cljs/megasite/core.cljs on file null, line null, column null
[32mSuccessfully compiled "target/cljsbuild/public/js/app.js" in 0.13 seconds.[0m
[0mCompiling "target/cljsbuild/public/js/app.js" from ("src/cljc" "src/cljs" "env/dev/cljs")...
WARNING: Use of undeclared Var megasite.core/history at line 79 /home/rebel/developer/megasite/src/cljs/megasite/core.cljs
WARNING: Use of undeclared Var megasite.core/history at line 79 /home/rebel/developer/megasite/src/cljs/megasite/core.cljs
WARNING: No such namespace: historyeventtype, could not locate historyeventtype.cljs, historyeventtype.cljc, or Closure namespace "" at line 81 /home/rebel/developer/megasite/src/cljs/megasite/core.cljs
WARNING: Use of undeclared Var historyeventtype/navigate at line 81 /home/rebel/developer/megasite/src/cljs/megasite/core.cljs
notifying browser that file changed:  target/cljsbuild/public/js/out/cljs_deps.js
notifying browser that file changed:  out/megasite/components/registration.js
[32mSuccessfully compiled "target/cljsbuild/public/js/app.js" in 0.312 seconds.[0m
[0mCompiling "target/cljsbuild/public/js/app.js" from ("src/cljc" "src/cljs" "env/dev/cljs")...
WARNING: Use of undeclared Var megasite.core/history at line 79 /home/rebel/developer/megasite/src/cljs/megasite/core.cljs
WARNING: Use of undeclared Var megasite.core/history at line 79 /home/rebel/developer/megasite/src/cljs/megasite/core.cljs
WARNING: No such namespace: historyeventtype, could not locate historyeventtype.cljs, historyeventtype.cljc, or Closure namespace "" at line 81 /home/rebel/developer/megasite/src/cljs/megasite/core.cljs
WARNING: Use of undeclared Var historyeventtype/navigate at line 81 /home/rebel/developer/megasite/src/cljs/megasite/core.cljs
notifying browser that file changed:  target/cljsbuild/public/js/out/goog/deps.js
notifying browser that file changed:  target/cljsbuild/public/js/out/cljs_deps.js
notifying browser that file changed:  out/megasite/core.js
[32mSuccessfully compiled "target/cljsbuild/public/js/app.js" in 0.377 seconds.[0m
[0mCompiling "target/cljsbuild/public/js/app.js" from ("src/cljc" "src/cljs" "env/dev/cljs")...
WARNING: Use of undeclared Var megasite.core/history at line 79 /home/rebel/developer/megasite/src/cljs/megasite/core.cljs
WARNING: Use of undeclared Var megasite.core/history at line 79 /home/rebel/developer/megasite/src/cljs/megasite/core.cljs
WARNING: No such namespace: historyeventtype, could not locate historyeventtype.cljs, historyeventtype.cljc, or Closure namespace "" at line 81 /home/rebel/developer/megasite/src/cljs/megasite/core.cljs
WARNING: Use of undeclared Var historyeventtype/navigate at line 81 /home/rebel/developer/megasite/src/cljs/megasite/core.cljs
notifying browser that file changed:  out/megasite/core.js
[32mSuccessfully compiled "target/cljsbuild/public/js/app.js" in 0.277 seconds.[0m
[0mCompiling "target/cljsbuild/public/js/app.js" from ("src/cljc" "src/cljs" "env/dev/cljs")...
notifying browser that file changed:  out/megasite/core.js
[32mSuccessfully compiled "target/cljsbuild/public/js/app.js" in 0.146 seconds.[0m
[0mCompiling "target/cljsbuild/public/js/app.js" from ("src/cljc" "src/cljs" "env/dev/cljs")...
WARNING: Use of undeclared Var megasite.core/history at line 79 /home/rebel/developer/megasite/src/cljs/megasite/core.cljs
WARNING: Use of undeclared Var megasite.core/history at line 79 /home/rebel/developer/megasite/src/cljs/megasite/core.cljs
WARNING: No such namespace: historyeventtype, could not locate historyeventtype.cljs, historyeventtype.cljc, or Closure namespace "" at line 81 /home/rebel/developer/megasite/src/cljs/megasite/core.cljs
WARNING: Use of undeclared Var historyeventtype/navigate at line 81 /home/rebel/developer/megasite/src/cljs/megasite/core.cljs
notifying browser that file changed:  target/cljsbuild/public/js/out/goog/deps.js
notifying browser that file changed:  target/cljsbuild/public/js/out/cljs_deps.js
notifying browser that file changed:  out/megasite/core.js
[32mSuccessfully compiled "target/cljsbuild/public/js/app.js" in 1.048 seconds.[0m
[0mCompiling "target/cljsbuild/public/js/app.js" from ("src/cljc" "src/cljs" "env/dev/cljs")...
WARNING: Use of undeclared Var megasite.core/history at line 79 /home/rebel/developer/megasite/src/cljs/megasite/core.cljs
WARNING: Use of undeclared Var megasite.core/history at line 79 /home/rebel/developer/megasite/src/cljs/megasite/core.cljs
notifying browser that file changed:  out/megasite/core.js
[32mSuccessfully compiled "target/cljsbuild/public/js/app.js" in 0.288 seconds.[0m
[0mCompiling "target/cljsbuild/public/js/app.js" from ("src/cljc" "src/cljs" "env/dev/cljs")...
[31mCompiling "target/cljsbuild/public/js/app.js" failed.
[0mANALYSIS ERROR: No such namespace: goog.history, could not locate goog/history.cljs, goog/history.cljc, or Closure namespace "goog.history" in file src/cljs/megasite/core.cljs on file null, line null, column null
[32mSuccessfully compiled "target/cljsbuild/public/js/app.js" in 0.105 seconds.[0m
[0mCompiling "target/cljsbuild/public/js/app.js" from ("src/cljc" "src/cljs" "env/dev/cljs")...
WARNING: Use of undeclared Var megasite.core/history at line 79 /home/rebel/developer/megasite/src/cljs/megasite/core.cljs
WARNING: Use of undeclared Var megasite.core/history at line 79 /home/rebel/developer/megasite/src/cljs/megasite/core.cljs
notifying browser that file changed:  out/megasite/core.js
[32mSuccessfully compiled "target/cljsbuild/public/js/app.js" in 0.243 seconds.[0m
[0mCompiling "target/cljsbuild/public/js/app.js" from ("src/cljc" "src/cljs" "env/dev/cljs")...
notifying browser that file changed:  out/megasite/core.js
[32mSuccessfully compiled "target/cljsbuild/public/js/app.js" in 0.159 seconds.[0m
[0mCompiling "target/cljsbuild/public/js/app.js" from ("src/cljc" "src/cljs" "env/dev/cljs")...
WARNING: Use of undeclared Var megasite.components.registration/registration-form-example at line 62 /home/rebel/developer/megasite/src/cljs/megasite/core.cljs
notifying browser that file changed:  out/megasite/core.js
[32mSuccessfully compiled "target/cljsbuild/public/js/app.js" in 0.172 seconds.[0m
[0mCompiling "target/cljsbuild/public/js/app.js" from ("src/cljc" "src/cljs" "env/dev/cljs")...
notifying browser that file changed:  out/megasite/core.js
[32mSuccessfully compiled "target/cljsbuild/public/js/app.js" in 0.153 seconds.[0m
[0mCompiling "target/cljsbuild/public/js/app.js" from ("src/cljc" "src/cljs" "env/dev/cljs")...
notifying browser that file changed:  out/megasite/core.js
[32mSuccessfully compiled "target/cljsbuild/public/js/app.js" in 0.13 seconds.[0m
[0mCompiling "target/cljsbuild/public/js/app.js" from ("src/cljc" "src/cljs" "env/dev/cljs")...
notifying browser that file changed:  out/megasite/core.js
[32mSuccessfully compiled "target/cljsbuild/public/js/app.js" in 0.158 seconds.[0m
[0mCompiling "target/cljsbuild/public/js/app.js" from ("src/cljc" "src/cljs" "env/dev/cljs")...
notifying browser that file changed:  target/cljsbuild/public/js/out/goog/deps.js
notifying browser that file changed:  target/cljsbuild/public/js/out/cljs_deps.js
notifying browser that file changed:  out/megasite/components/common.js
[32mSuccessfully compiled "target/cljsbuild/public/js/app.js" in 0.701 seconds.[0m
[0mCompiling "target/cljsbuild/public/js/app.js" from ("src/cljc" "src/cljs" "env/dev/cljs")...
notifying browser that file changed:  out/megasite/components/common.js
[32mSuccessfully compiled "target/cljsbuild/public/js/app.js" in 0.213 seconds.[0m
[0mCompiling "target/cljsbuild/public/js/app.js" from ("src/cljc" "src/cljs" "env/dev/cljs")...
notifying browser that file changed:  out/megasite/core.js
[32mSuccessfully compiled "target/cljsbuild/public/js/app.js" in 0.162 seconds.[0m
[0mCompiling "target/cljsbuild/public/js/app.js" from ("src/cljc" "src/cljs" "env/dev/cljs")...
notifying browser that file changed:  out/megasite/core.js
[32mSuccessfully compiled "target/cljsbuild/public/js/app.js" in 0.174 seconds.[0m
[0mCompiling "target/cljsbuild/public/js/app.js" from ("src/cljc" "src/cljs" "env/dev/cljs")...
WARNING: No such namespace: historyeventtype, could not locate historyeventtype.cljs, historyeventtype.cljc, or Closure namespace "" at line 81 /home/rebel/developer/megasite/src/cljs/megasite/core.cljs
WARNING: Use of undeclared Var historyeventtype/NAVIGATE at line 81 /home/rebel/developer/megasite/src/cljs/megasite/core.cljs
notifying browser that file changed:  out/megasite/core.js
[32mSuccessfully compiled "target/cljsbuild/public/js/app.js" in 0.21 seconds.[0m
[0mCompiling "target/cljsbuild/public/js/app.js" from ("src/cljc" "src/cljs" "env/dev/cljs")...
notifying browser that file changed:  out/megasite/core.js
[32mSuccessfully compiled "target/cljsbuild/public/js/app.js" in 0.177 seconds.[0m
[0mCompiling "target/cljsbuild/public/js/app.js" from ("src/cljc" "src/cljs" "env/dev/cljs")...
WARNING: No such namespace: HistoryEventtype, could not locate HistoryEventtype.cljs, HistoryEventtype.cljc, or Closure namespace "" at line 81 /home/rebel/developer/megasite/src/cljs/megasite/core.cljs
WARNING: Use of undeclared Var HistoryEventtype/NAVIGATE at line 81 /home/rebel/developer/megasite/src/cljs/megasite/core.cljs
notifying browser that file changed:  out/megasite/core.js
[32mSuccessfully compiled "target/cljsbuild/public/js/app.js" in 0.186 seconds.[0m
[0mCompiling "target/cljsbuild/public/js/app.js" from ("src/cljc" "src/cljs" "env/dev/cljs")...
notifying browser that file changed:  out/megasite/core.js
[32mSuccessfully compiled "target/cljsbuild/public/js/app.js" in 0.161 seconds.[0m
[0mCompiling "target/cljsbuild/public/js/app.js" from ("src/cljc" "src/cljs" "env/dev/cljs")...
notifying browser that file changed:  out/megasite/core.js
[32mSuccessfully compiled "target/cljsbuild/public/js/app.js" in 0.139 seconds.[0m
[0mCompiling "target/cljsbuild/public/js/app.js" from ("src/cljc" "src/cljs" "env/dev/cljs")...
WARNING: Use of undeclared Var megasite.components.registration/registration-errors at line 21 /home/rebel/developer/megasite/src/cljs/megasite/components/registration.cljs
WARNING: No such namespace: ajax, could not locate ajax.cljs, ajax.cljc, or Closure namespace "" at line 23 /home/rebel/developer/megasite/src/cljs/megasite/components/registration.cljs
WARNING: Use of undeclared Var ajax/POST at line 23 /home/rebel/developer/megasite/src/cljs/megasite/components/registration.cljs
WARNING: No such namespace: session, could not locate session.cljs, session.cljc, or Closure namespace "" at line 26 /home/rebel/developer/megasite/src/cljs/megasite/components/registration.cljs
WARNING: Use of undeclared Var session/put! at line 26 /home/rebel/developer/megasite/src/cljs/megasite/components/registration.cljs
notifying browser that file changed:  out/megasite/components/registration.js
[32mSuccessfully compiled "target/cljsbuild/public/js/app.js" in 0.233 seconds.[0m
[0mCompiling "target/cljsbuild/public/js/app.js" from ("src/cljc" "src/cljs" "env/dev/cljs")...
WARNING: No such namespace: ajax, could not locate ajax.cljs, ajax.cljc, or Closure namespace "" at line 24 /home/rebel/developer/megasite/src/cljs/megasite/components/registration.cljs
WARNING: Use of undeclared Var ajax/POST at line 24 /home/rebel/developer/megasite/src/cljs/megasite/components/registration.cljs
WARNING: No such namespace: session, could not locate session.cljs, session.cljc, or Closure namespace "" at line 27 /home/rebel/developer/megasite/src/cljs/megasite/components/registration.cljs
WARNING: Use of undeclared Var session/put! at line 27 /home/rebel/developer/megasite/src/cljs/megasite/components/registration.cljs
notifying browser that file changed:  target/cljsbuild/public/js/out/cljs_deps.js
notifying browser that file changed:  out/megasite/components/registration.js
[32mSuccessfully compiled "target/cljsbuild/public/js/app.js" in 0.251 seconds.[0m
[0mCompiling "target/cljsbuild/public/js/app.js" from ("src/cljc" "src/cljs" "env/dev/cljs")...
WARNING: Use of undeclared Var megasite.components.registration/register! at line 22 /home/rebel/developer/megasite/src/cljs/megasite/components/registration.cljs
WARNING: No such namespace: ajax, could not locate ajax.cljs, ajax.cljc, or Closure namespace "" at line 29 /home/rebel/developer/megasite/src/cljs/megasite/components/registration.cljs
WARNING: Use of undeclared Var ajax/POST at line 29 /home/rebel/developer/megasite/src/cljs/megasite/components/registration.cljs
WARNING: No such namespace: session, could not locate session.cljs, session.cljc, or Closure namespace "" at line 32 /home/rebel/developer/megasite/src/cljs/megasite/components/registration.cljs
WARNING: Use of undeclared Var session/put! at line 32 /home/rebel/developer/megasite/src/cljs/megasite/components/registration.cljs
notifying browser that file changed:  out/megasite/components/registration.js
[32mSuccessfully compiled "target/cljsbuild/public/js/app.js" in 0.229 seconds.[0m
[0mCompiling "target/cljsbuild/public/js/app.js" from ("src/cljc" "src/cljs" "env/dev/cljs")...
WARNING: Use of undeclared Var megasite.components.registration/register! at line 23 src/cljs/megasite/components/registration.cljs
WARNING: No such namespace: session, could not locate session.cljs, session.cljc, or Closure namespace "" at line 33 src/cljs/megasite/components/registration.cljs
WARNING: Use of undeclared Var session/put! at line 33 src/cljs/megasite/components/registration.cljs
notifying browser that file changed:  target/cljsbuild/public/js/out/cljs_deps.js
notifying browser that file changed:  out/megasite/components/registration.js
[32mSuccessfully compiled "target/cljsbuild/public/js/app.js" in 0.306 seconds.[0m
[0mCompiling "target/cljsbuild/public/js/app.js" from ("src/cljc" "src/cljs" "env/dev/cljs")...
WARNING: No such namespace: session, could not locate session.cljs, session.cljc, or Closure namespace "" at line 13 src/cljs/megasite/components/registration.cljs
WARNING: Use of undeclared Var session/put! at line 13 src/cljs/megasite/components/registration.cljs
notifying browser that file changed:  out/megasite/components/registration.js
[32mSuccessfully compiled "target/cljsbuild/public/js/app.js" in 0.168 seconds.[0m
[0mCompiling "target/cljsbuild/public/js/app.js" from ("src/cljc" "src/cljs" "env/dev/cljs")...
notifying browser that file changed:  target/cljsbuild/public/js/out/cljs_deps.js
notifying browser that file changed:  out/megasite/components/registration.js
[32mSuccessfully compiled "target/cljsbuild/public/js/app.js" in 0.175 seconds.[0m
[0mCompiling "target/cljsbuild/public/js/app.js" from ("src/cljc" "src/cljs" "env/dev/cljs")...
notifying browser that file changed:  out/megasite/components/registration.js
[32mSuccessfully compiled "target/cljsbuild/public/js/app.js" in 0.14 seconds.[0m
[0mCompiling "target/cljsbuild/public/js/app.js" from ("src/cljc" "src/cljs" "env/dev/cljs")...
WARNING: Use of undeclared Var megasite.components.registration/registration-form at line 21 /home/rebel/developer/megasite/src/cljs/megasite/components/registration.cljs
notifying browser that file changed:  out/megasite/components/registration.js
[32mSuccessfully compiled "target/cljsbuild/public/js/app.js" in 0.158 seconds.[0m
[0mCompiling "target/cljsbuild/public/js/app.js" from ("src/cljc" "src/cljs" "env/dev/cljs")...
notifying browser that file changed:  out/megasite/core.js
[32mSuccessfully compiled "target/cljsbuild/public/js/app.js" in 0.124 seconds.[0m
[0mCompiling "target/cljsbuild/public/js/app.js" from ("src/cljc" "src/cljs" "env/dev/cljs")...
notifying browser that file changed:  out/megasite/components/registration.js
[32mSuccessfully compiled "target/cljsbuild/public/js/app.js" in 0.169 seconds.[0m
[0mCompiling "target/cljsbuild/public/js/app.js" from ("src/cljc" "src/cljs" "env/dev/cljs")...
notifying browser that file changed:  out/megasite/core.js
[32mSuccessfully compiled "target/cljsbuild/public/js/app.js" in 0.141 seconds.[0m
[0mCompiling "target/cljsbuild/public/js/app.js" from ("src/cljc" "src/cljs" "env/dev/cljs")...
notifying browser that file changed:  target/cljsbuild/public/js/out/goog/deps.js
notifying browser that file changed:  target/cljsbuild/public/js/out/cljs_deps.js
notifying browser that file changed:  out/megasite/core.js
[32mSuccessfully compiled "target/cljsbuild/public/js/app.js" in 0.757 seconds.[0m
[0mCompiling "target/cljsbuild/public/js/app.js" from ("src/cljc" "src/cljs" "env/dev/cljs")...
notifying browser that file changed:  out/megasite/core.js
[32mSuccessfully compiled "target/cljsbuild/public/js/app.js" in 0.2 seconds.[0m
[0mCompiling "target/cljsbuild/public/js/app.js" from ("src/cljc" "src/cljs" "env/dev/cljs")...
notifying browser that file changed:  out/megasite/core.js
[32mSuccessfully compiled "target/cljsbuild/public/js/app.js" in 0.159 seconds.[0m
[0mCompiling "target/cljsbuild/public/js/app.js" from ("src/cljc" "src/cljs" "env/dev/cljs")...
notifying browser that file changed:  out/megasite/core.js
[32mSuccessfully compiled "target/cljsbuild/public/js/app.js" in 0.168 seconds.[0m
[0mCompiling "target/cljsbuild/public/js/app.js" from ("src/cljc" "src/cljs" "env/dev/cljs")...
notifying browser that file changed:  out/megasite/core.js
[32mSuccessfully compiled "target/cljsbuild/public/js/app.js" in 0.193 seconds.[0m
[0mCompiling "target/cljsbuild/public/js/app.js" from ("src/cljc" "src/cljs" "env/dev/cljs")...
notifying browser that file changed:  out/megasite/core.js
[32mSuccessfully compiled "target/cljsbuild/public/js/app.js" in 0.145 seconds.[0m
[0mCompiling "target/cljsbuild/public/js/app.js" from ("src/cljc" "src/cljs" "env/dev/cljs")...
notifying browser that file changed:  out/megasite/components/registration.js
[32mSuccessfully compiled "target/cljsbuild/public/js/app.js" in 0.155 seconds.[0m
[0mCompiling "target/cljsbuild/public/js/app.js" from ("src/cljc" "src/cljs" "env/dev/cljs")...
notifying browser that file changed:  out/megasite/core.js
[32mSuccessfully compiled "target/cljsbuild/public/js/app.js" in 0.13 seconds.[0m
[0mCompiling "target/cljsbuild/public/js/app.js" from ("src/cljc" "src/cljs" "env/dev/cljs")...
notifying browser that file changed:  out/megasite/core.js
[32mSuccessfully compiled "target/cljsbuild/public/js/app.js" in 0.149 seconds.[0m
[0mCompiling "target/cljsbuild/public/js/app.js" from ("src/cljc" "src/cljs" "env/dev/cljs")...
notifying browser that file changed:  out/megasite/components/registration.js
[32mSuccessfully compiled "target/cljsbuild/public/js/app.js" in 0.138 seconds.[0m
[0mCompiling "target/cljsbuild/public/js/app.js" from ("src/cljc" "src/cljs" "env/dev/cljs")...
notifying browser that file changed:  out/megasite/components/registration.js
[32mSuccessfully compiled "target/cljsbuild/public/js/app.js" in 0.143 seconds.[0m
[0mCompiling "target/cljsbuild/public/js/app.js" from ("src/cljc" "src/cljs" "env/dev/cljs")...
notifying browser that file changed:  out/megasite/components/registration.js
[32mSuccessfully compiled "target/cljsbuild/public/js/app.js" in 0.152 seconds.[0m
[0mCompiling "target/cljsbuild/public/js/app.js" from ("src/cljc" "src/cljs" "env/dev/cljs")...
notifying browser that file changed:  target/cljsbuild/public/js/out/goog/deps.js
notifying browser that file changed:  target/cljsbuild/public/js/out/cljs_deps.js
notifying browser that file changed:  out/megasite/components/login.js
[32mSuccessfully compiled "target/cljsbuild/public/js/app.js" in 0.437 seconds.[0m
[0mCompiling "target/cljsbuild/public/js/app.js" from ("src/cljc" "src/cljs" "env/dev/cljs")...
notifying browser that file changed:  out/megasite/components/login.js
[32mSuccessfully compiled "target/cljsbuild/public/js/app.js" in 0.204 seconds.[0m
[0mCompiling "target/cljsbuild/public/js/app.js" from ("src/cljc" "src/cljs" "env/dev/cljs")...
WARNING: No such namespace: ajax, could not locate ajax.cljs, ajax.cljc, or Closure namespace "" at line 24 src/cljs/megasite/core.cljs
WARNING: Use of undeclared Var ajax/POST at line 24 src/cljs/megasite/core.cljs
notifying browser that file changed:  target/cljsbuild/public/js/out/cljs_deps.js
notifying browser that file changed:  out/megasite/core.js
[32mSuccessfully compiled "target/cljsbuild/public/js/app.js" in 0.483 seconds.[0m
[0mCompiling "target/cljsbuild/public/js/app.js" from ("src/cljc" "src/cljs" "env/dev/cljs")...
WARNING: No such namespace: ajax, could not locate ajax.cljs, ajax.cljc, or Closure namespace "" at line 24 /home/rebel/developer/megasite/src/cljs/megasite/core.cljs
WARNING: Use of undeclared Var ajax/POST at line 24 /home/rebel/developer/megasite/src/cljs/megasite/core.cljs
notifying browser that file changed:  out/megasite/components/login.js
[32mSuccessfully compiled "target/cljsbuild/public/js/app.js" in 0.21 seconds.[0m
[0mCompiling "target/cljsbuild/public/js/app.js" from ("src/cljc" "src/cljs" "env/dev/cljs")...
notifying browser that file changed:  out/megasite/core.js
[32mSuccessfully compiled "target/cljsbuild/public/js/app.js" in 0.149 seconds.[0m
[0mCompiling "target/cljsbuild/public/js/app.js" from ("src/cljc" "src/cljs" "env/dev/cljs")...
notifying browser that file changed:  target/cljsbuild/public/js/out/goog/deps.js
notifying browser that file changed:  target/cljsbuild/public/js/out/cljs_deps.js
notifying browser that file changed:  out/megasite/core.js
[32mSuccessfully compiled "target/cljsbuild/public/js/app.js" in 0.833 seconds.[0m
