[2017-06-01 14:34:33,361][INFO][luminus.http-server] HTTP server stopped
[2017-06-01 14:37:41,512][DEBUG][org.jboss.logging] Logging Provider: org.jboss.logging.Log4jLoggerProvider
[2017-06-01 14:37:42,018][INFO][luminus.repl-server] nREPL server started on port 7000
[2017-06-01 14:37:42,021][INFO][com.zaxxer.hikari.HikariDataSource] HikariPool-0 - is starting.
[2017-06-01 14:37:42,103][INFO][megasite.handler] #'megasite.db.core/*db* started
[2017-06-01 14:37:42,103][INFO][megasite.config] 
-=[megasite started successfully using the development profile]=-
[2017-06-01 14:37:42,126][INFO][org.xnio] XNIO version 3.4.0.Beta1
[2017-06-01 14:37:42,162][INFO][org.xnio.nio] XNIO NIO Implementation Version 3.4.0.Beta1
[2017-06-01 14:37:42,200][INFO][org.projectodd.wunderboss.web.Web] Registered web context /
[2017-06-01 14:37:42,201][INFO][luminus.http-server] server started on port 3000
[2017-06-01 14:38:05,840][DEBUG][org.jboss.logging] Logging Provider: org.jboss.logging.Log4jLoggerProvider
[2017-06-01 14:43:41,250][DEBUG][org.jboss.logging] Logging Provider: org.jboss.logging.Log4jLoggerProvider
[2017-06-01 14:54:05,792][DEBUG][org.jboss.logging] Logging Provider: org.jboss.logging.Log4jLoggerProvider
[2017-06-01 15:40:33,596][DEBUG][org.jboss.logging] Logging Provider: org.jboss.logging.Log4jLoggerProvider
[2017-06-01 15:49:54,301][DEBUG][org.jboss.logging] Logging Provider: org.jboss.logging.Log4jLoggerProvider
[2017-06-01 15:54:33,497][DEBUG][org.jboss.logging] Logging Provider: org.jboss.logging.Log4jLoggerProvider
[2017-06-03 16:20:20,831][DEBUG][org.jboss.logging] Logging Provider: org.jboss.logging.Log4jLoggerProvider
[2017-06-03 16:25:27,168][INFO][luminus.repl-server] nREPL server stopped
[2017-06-03 16:25:27,171][INFO][megasite.handler] megasite is shutting down...
[2017-06-03 16:25:27,174][INFO][com.zaxxer.hikari.pool.HikariPool] HikariPool-0 - is closing down.
[2017-06-03 16:25:27,179][INFO][megasite.handler] #'megasite.db.core/*db* stopped
[2017-06-03 16:25:27,179][INFO][megasite.handler] shutdown complete!
[2017-06-03 16:25:27,182][DEBUG][org.projectodd.wunderboss.WunderBoss] Returning existing component for org.projectodd.wunderboss.web.Web:-1645144552, ignoring options.
[2017-06-03 16:25:27,204][INFO][luminus.http-server] HTTP server stopped
[2017-06-03 16:25:39,858][DEBUG][org.jboss.logging] Logging Provider: org.jboss.logging.Log4jLoggerProvider
[2017-06-03 16:25:40,371][INFO][luminus.repl-server] nREPL server started on port 7000
[2017-06-03 16:25:40,387][INFO][com.zaxxer.hikari.HikariDataSource] HikariPool-0 - is starting.
[2017-06-03 16:25:40,476][INFO][megasite.handler] #'megasite.db.core/*db* started
[2017-06-03 16:25:40,476][INFO][megasite.config] 
-=[megasite started successfully using the development profile]=-
[2017-06-03 16:25:40,510][INFO][org.xnio] XNIO version 3.4.0.Beta1
[2017-06-03 16:25:40,565][INFO][org.xnio.nio] XNIO NIO Implementation Version 3.4.0.Beta1
[2017-06-03 16:25:40,615][INFO][org.projectodd.wunderboss.web.Web] Registered web context /
[2017-06-03 16:25:40,616][INFO][luminus.http-server] server started on port 3000
[2017-06-03 16:25:54,020][DEBUG][org.jboss.logging] Logging Provider: org.jboss.logging.Log4jLoggerProvider
[2017-06-03 16:39:59,434][DEBUG][org.jboss.logging] Logging Provider: org.jboss.logging.Log4jLoggerProvider
[2017-06-03 16:44:30,178][INFO][luminus.repl-server] nREPL server stopped
[2017-06-03 16:44:30,186][INFO][megasite.handler] megasite is shutting down...
[2017-06-03 16:44:30,187][INFO][com.zaxxer.hikari.pool.HikariPool] HikariPool-0 - is closing down.
[2017-06-03 16:44:30,189][INFO][megasite.handler] #'megasite.db.core/*db* stopped
[2017-06-03 16:44:30,189][INFO][megasite.handler] shutdown complete!
[2017-06-03 16:44:30,189][DEBUG][org.projectodd.wunderboss.WunderBoss] Returning existing component for org.projectodd.wunderboss.web.Web:-1645144552, ignoring options.
[2017-06-03 16:44:30,193][INFO][luminus.http-server] HTTP server stopped
[2017-06-03 16:44:46,031][DEBUG][org.jboss.logging] Logging Provider: org.jboss.logging.Log4jLoggerProvider
[2017-06-03 16:44:46,569][INFO][luminus.repl-server] nREPL server started on port 7000
[2017-06-03 16:44:46,573][INFO][com.zaxxer.hikari.HikariDataSource] HikariPool-0 - is starting.
[2017-06-03 16:44:46,677][INFO][megasite.handler] #'megasite.db.core/*db* started
[2017-06-03 16:44:46,677][INFO][megasite.config] 
-=[megasite started successfully using the development profile]=-
[2017-06-03 16:44:46,702][INFO][org.xnio] XNIO version 3.4.0.Beta1
[2017-06-03 16:44:46,741][INFO][org.xnio.nio] XNIO NIO Implementation Version 3.4.0.Beta1
[2017-06-03 16:44:46,777][INFO][org.projectodd.wunderboss.web.Web] Registered web context /
[2017-06-03 16:44:46,778][INFO][luminus.http-server] server started on port 3000
[2017-06-03 16:45:06,376][DEBUG][org.jboss.logging] Logging Provider: org.jboss.logging.Log4jLoggerProvider
[2017-06-04 14:55:19,355][INFO][com.zaxxer.hikari.HikariDataSource] HikariPool-0 - is starting.
[2017-06-04 15:12:01,881][INFO][luminus.repl-server] nREPL server stopped
[2017-06-04 15:12:01,889][INFO][megasite.handler] megasite is shutting down...
[2017-06-04 15:12:01,893][INFO][com.zaxxer.hikari.pool.HikariPool] HikariPool-0 - is closing down.
[2017-06-04 15:12:01,900][INFO][megasite.handler] #'megasite.db.core/*db* stopped
[2017-06-04 15:12:01,901][INFO][megasite.handler] shutdown complete!
[2017-06-04 15:12:01,903][DEBUG][org.projectodd.wunderboss.WunderBoss] Returning existing component for org.projectodd.wunderboss.web.Web:-1645144552, ignoring options.
[2017-06-04 15:12:01,921][INFO][luminus.http-server] HTTP server stopped
[2017-06-04 15:12:17,452][DEBUG][org.jboss.logging] Logging Provider: org.jboss.logging.Log4jLoggerProvider
[2017-06-04 15:12:18,000][INFO][luminus.repl-server] nREPL server started on port 7000
[2017-06-04 15:12:18,003][INFO][com.zaxxer.hikari.HikariDataSource] HikariPool-0 - is starting.
[2017-06-04 15:12:18,084][INFO][megasite.handler] #'megasite.db.core/*db* started
[2017-06-04 15:12:18,084][INFO][megasite.config] 
-=[megasite started successfully using the development profile]=-
[2017-06-04 15:12:18,111][INFO][org.xnio] XNIO version 3.4.0.Beta1
[2017-06-04 15:12:18,160][INFO][org.xnio.nio] XNIO NIO Implementation Version 3.4.0.Beta1
[2017-06-04 15:12:18,214][INFO][org.projectodd.wunderboss.web.Web] Registered web context /
[2017-06-04 15:12:18,215][INFO][luminus.http-server] server started on port 3000
[2017-06-04 15:12:31,235][DEBUG][org.jboss.logging] Logging Provider: org.jboss.logging.Log4jLoggerProvider
[2017-06-05 00:36:17,758][DEBUG][org.jboss.logging] Logging Provider: org.jboss.logging.Log4jLoggerProvider
[2017-06-05 00:36:36,963][DEBUG][org.jboss.logging] Logging Provider: org.jboss.logging.Log4jLoggerProvider
[2017-06-05 00:37:49,729][ERROR][compojure.api.exception] Illegal base64 character 22
java.lang.IllegalArgumentException: Illegal base64 character 22
	at java.util.Base64$Decoder.decode0(Base64.java:714)
	at java.util.Base64$Decoder.decode(Base64.java:526)
	at java.util.Base64$Decoder.decode(Base64.java:549)
	at sun.reflect.NativeMethodAccessorImpl.invoke0(Native Method)
	at sun.reflect.NativeMethodAccessorImpl.invoke(NativeMethodAccessorImpl.java:62)
	at sun.reflect.DelegatingMethodAccessorImpl.invoke(DelegatingMethodAccessorImpl.java:43)
	at java.lang.reflect.Method.invoke(Method.java:498)
	at clojure.lang.Reflector.invokeMatchingMethod(Reflector.java:93)
	at clojure.lang.Reflector.invokeInstanceMethod(Reflector.java:28)
	at megasite.routes.services.auth$decode_auth.invokeStatic(auth.clj:37)
	at megasite.routes.services.auth$decode_auth.invoke(auth.clj:35)
	at megasite.routes.services.auth$login_BANG_.invokeStatic(auth.clj:47)
	at megasite.routes.services.auth$login_BANG_.invoke(auth.clj:46)
	at megasite.routes.services$fn__21209.invokeStatic(services.clj:33)
	at megasite.routes.services$fn__21209.invoke(services.clj:29)
	at compojure.core$make_route$fn__1818.invoke(core.clj:130)
	at compojure.core$pre_init$fn__1905.invoke(core.clj:256)
	at compojure.api.meta$body_coercer_middleware$fn__13950.invoke(meta.clj:58)
	at compojure.core$pre_init$fn__1907$fn__1908.invoke(core.clj:259)
	at compojure.core$wrap_route_middleware$fn__1814.invoke(core.clj:117)
	at compojure.core$if_route$fn__1786.invoke(core.clj:41)
	at compojure.core$if_method$fn__1778.invoke(core.clj:27)
	at compojure.core$wrap_routes$fn__1913.invoke(core.clj:267)
	at compojure.api.routes.Route.invoke(routes.clj:55)
	at compojure.api.core$ring_handler$fn__14144$fn__14145.invoke(core.clj:11)
	at clojure.core$some.invokeStatic(core.clj:2592)
	at clojure.core$some.invoke(core.clj:2583)
	at compojure.api.core$ring_handler$fn__14144.invoke(core.clj:11)
	at compojure.api.routes.Route.invoke(routes.clj:55)
	at ring.swagger.middleware$wrap_swagger_data$fn__12844.invoke(middleware.clj:33)
	at ring.middleware.http_response$wrap_http_response$fn__10299.invoke(http_response.clj:8)
	at ring.swagger.middleware$wrap_swagger_data$fn__12844.invoke(middleware.clj:33)
	at compojure.api.middleware$wrap_options$fn__13208.invoke(middleware.clj:74)
	at ring.middleware.format_params$wrap_format_params$fn__9440.invoke(format_params.clj:118)
	at ring.middleware.format_params$wrap_format_params$fn__9440.invoke(format_params.clj:119)
	at ring.middleware.format_params$wrap_format_params$fn__9440.invoke(format_params.clj:119)
	at ring.middleware.format_params$wrap_format_params$fn__9440.invoke(format_params.clj:119)
	at ring.middleware.format_params$wrap_format_params$fn__9440.invoke(format_params.clj:119)
	at compojure.api.middleware$wrap_exceptions$fn__13198.invoke(middleware.clj:43)
	at ring.middleware.format_response$wrap_format_response$fn__10203.invoke(format_response.clj:183)
	at ring.middleware.keyword_params$wrap_keyword_params$fn__10337.invoke(keyword_params.clj:35)
	at ring.middleware.nested_params$wrap_nested_params$fn__10389.invoke(nested_params.clj:84)
	at ring.middleware.params$wrap_params$fn__10479.invoke(params.clj:64)
	at compojure.api.middleware$wrap_options$fn__13208.invoke(middleware.clj:74)
	at compojure.api.routes.Route.invoke(routes.clj:55)
	at clojure.lang.Var.invoke(Var.java:379)
	at compojure.core$routing$fn__1825.invoke(core.clj:144)
	at clojure.core$some.invokeStatic(core.clj:2592)
	at clojure.core$some.invoke(core.clj:2583)
	at compojure.core$routing.invokeStatic(core.clj:144)
	at compojure.core$routing.doInvoke(core.clj:141)
	at clojure.lang.RestFn.applyTo(RestFn.java:139)
	at clojure.core$apply.invokeStatic(core.clj:648)
	at clojure.core$apply.invoke(core.clj:641)
	at compojure.core$routes$fn__1829.invoke(core.clj:149)
	at clojure.lang.Var.invoke(Var.java:379)
	at ring.middleware.reload$wrap_reload$fn__18773.invoke(reload.clj:22)
	at selmer.middleware$wrap_error_page$fn__18792.invoke(middleware.clj:9)
	at prone.middleware$wrap_exceptions$fn__18987.invoke(middleware.clj:119)
	at megasite.middleware$wrap_identity$fn__19025.invoke(middleware.clj:73)
	at buddy.auth.middleware$wrap_authentication$fn__18210.invoke(middleware.clj:38)
	at buddy.auth.middleware$wrap_authorization$fn__18224.invoke(middleware.clj:72)
	at ring.middleware.format_params$wrap_format_params$fn__9440.invoke(format_params.clj:118)
	at ring.middleware.format_params$wrap_format_params$fn__9440.invoke(format_params.clj:119)
	at ring.middleware.format_params$wrap_format_params$fn__9440.invoke(format_params.clj:119)
	at ring.middleware.format_response$wrap_format_response$fn__10203.invoke(format_response.clj:183)
	at megasite.middleware$wrap_formats$fn__19020.invoke(middleware.clj:59)
	at ring.middleware.webjars$wrap_webjars$fn__17387.invoke(webjars.clj:34)
	at ring.middleware.flash$wrap_flash$fn__16080.invoke(flash.clj:35)
	at immutant.web.internal.undertow$wrap_undertow_session$fn__19129.invoke(undertow.clj:72)
	at ring.middleware.keyword_params$wrap_keyword_params$fn__10337.invoke(keyword_params.clj:35)
	at ring.middleware.nested_params$wrap_nested_params$fn__10389.invoke(nested_params.clj:84)
	at ring.middleware.multipart_params$wrap_multipart_params$fn__17719.invoke(multipart_params.clj:117)
	at ring.middleware.params$wrap_params$fn__10479.invoke(params.clj:64)
	at ring.middleware.cookies$wrap_cookies$fn__17549.invoke(cookies.clj:161)
	at ring.middleware.absolute_redirects$wrap_absolute_redirects$fn__17813.invoke(absolute_redirects.clj:36)
	at ring.middleware.resource$wrap_resource$fn__17741.invoke(resource.clj:28)
	at ring.middleware.content_type$wrap_content_type$fn__14712.invoke(content_type.clj:30)
	at ring.middleware.default_charset$wrap_default_charset$fn__17788.invoke(default_charset.clj:26)
	at ring.middleware.not_modified$wrap_not_modified$fn__14741.invoke(not_modified.clj:52)
	at ring.middleware.x_headers$wrap_xss_protection$fn__17427.invoke(x_headers.clj:71)
	at ring.middleware.x_headers$wrap_frame_options$fn__17415.invoke(x_headers.clj:38)
	at ring.middleware.x_headers$wrap_content_type_options$fn__17421.invoke(x_headers.clj:53)
	at megasite.middleware$wrap_context$fn__19009.invoke(middleware.clj:32)
	at megasite.middleware$wrap_internal_error$fn__19015.invoke(middleware.clj:37)
	at immutant.web.internal.undertow$create_http_handler$reify__19201.handleRequest(undertow.clj:135)
	at org.projectodd.wunderboss.web.undertow.async.websocket.UndertowWebsocket$2.handleRequest(UndertowWebsocket.java:104)
	at io.undertow.server.session.SessionAttachmentHandler.handleRequest(SessionAttachmentHandler.java:68)
	at io.undertow.server.Connectors.executeRootHandler(Connectors.java:199)
	at io.undertow.server.HttpServerExchange$1.run(HttpServerExchange.java:778)
	at java.util.concurrent.ThreadPoolExecutor.runWorker(ThreadPoolExecutor.java:1142)
	at java.util.concurrent.ThreadPoolExecutor$Worker.run(ThreadPoolExecutor.java:617)
	at java.lang.Thread.run(Thread.java:748)
[2017-06-05 01:06:42,016][ERROR][compojure.api.exception] 
java.lang.NullPointerException
	at java.util.Base64$Decoder.decode(Base64.java:525)
	at sun.reflect.NativeMethodAccessorImpl.invoke0(Native Method)
	at sun.reflect.NativeMethodAccessorImpl.invoke(NativeMethodAccessorImpl.java:62)
	at sun.reflect.DelegatingMethodAccessorImpl.invoke(DelegatingMethodAccessorImpl.java:43)
	at java.lang.reflect.Method.invoke(Method.java:498)
	at clojure.lang.Reflector.invokeMatchingMethod(Reflector.java:93)
	at clojure.lang.Reflector.invokeInstanceMethod(Reflector.java:28)
	at megasite.routes.services.auth$decode_auth.invokeStatic(auth.clj:37)
	at megasite.routes.services.auth$decode_auth.invoke(auth.clj:35)
	at megasite.routes.services.auth$login_BANG_.invokeStatic(auth.clj:47)
	at megasite.routes.services.auth$login_BANG_.invoke(auth.clj:46)
	at megasite.routes.services$fn__21209.invokeStatic(services.clj:33)
	at megasite.routes.services$fn__21209.invoke(services.clj:29)
	at compojure.core$make_route$fn__1818.invoke(core.clj:130)
	at compojure.core$pre_init$fn__1905.invoke(core.clj:256)
	at compojure.api.meta$body_coercer_middleware$fn__13950.invoke(meta.clj:58)
	at compojure.core$pre_init$fn__1907$fn__1908.invoke(core.clj:259)
	at compojure.core$wrap_route_middleware$fn__1814.invoke(core.clj:117)
	at compojure.core$if_route$fn__1786.invoke(core.clj:41)
	at compojure.core$if_method$fn__1778.invoke(core.clj:27)
	at compojure.core$wrap_routes$fn__1913.invoke(core.clj:267)
	at compojure.api.routes.Route.invoke(routes.clj:55)
	at compojure.api.core$ring_handler$fn__14144$fn__14145.invoke(core.clj:11)
	at clojure.core$some.invokeStatic(core.clj:2592)
	at clojure.core$some.invoke(core.clj:2583)
	at compojure.api.core$ring_handler$fn__14144.invoke(core.clj:11)
	at compojure.api.routes.Route.invoke(routes.clj:55)
	at ring.swagger.middleware$wrap_swagger_data$fn__12844.invoke(middleware.clj:33)
	at ring.middleware.http_response$wrap_http_response$fn__10299.invoke(http_response.clj:8)
	at ring.swagger.middleware$wrap_swagger_data$fn__12844.invoke(middleware.clj:33)
	at compojure.api.middleware$wrap_options$fn__13208.invoke(middleware.clj:74)
	at ring.middleware.format_params$wrap_format_params$fn__9440.invoke(format_params.clj:119)
	at ring.middleware.format_params$wrap_format_params$fn__9440.invoke(format_params.clj:119)
	at ring.middleware.format_params$wrap_format_params$fn__9440.invoke(format_params.clj:119)
	at ring.middleware.format_params$wrap_format_params$fn__9440.invoke(format_params.clj:117)
	at ring.middleware.format_params$wrap_format_params$fn__9440.invoke(format_params.clj:119)
	at compojure.api.middleware$wrap_exceptions$fn__13198.invoke(middleware.clj:43)
	at ring.middleware.format_response$wrap_format_response$fn__10203.invoke(format_response.clj:183)
	at ring.middleware.keyword_params$wrap_keyword_params$fn__10337.invoke(keyword_params.clj:35)
	at ring.middleware.nested_params$wrap_nested_params$fn__10389.invoke(nested_params.clj:84)
	at ring.middleware.params$wrap_params$fn__10479.invoke(params.clj:64)
	at compojure.api.middleware$wrap_options$fn__13208.invoke(middleware.clj:74)
	at compojure.api.routes.Route.invoke(routes.clj:55)
	at clojure.lang.Var.invoke(Var.java:379)
	at compojure.core$routing$fn__1825.invoke(core.clj:144)
	at clojure.core$some.invokeStatic(core.clj:2592)
	at clojure.core$some.invoke(core.clj:2583)
	at compojure.core$routing.invokeStatic(core.clj:144)
	at compojure.core$routing.doInvoke(core.clj:141)
	at clojure.lang.RestFn.applyTo(RestFn.java:139)
	at clojure.core$apply.invokeStatic(core.clj:648)
	at clojure.core$apply.invoke(core.clj:641)
	at compojure.core$routes$fn__1829.invoke(core.clj:149)
	at clojure.lang.Var.invoke(Var.java:379)
	at ring.middleware.reload$wrap_reload$fn__18773.invoke(reload.clj:22)
	at selmer.middleware$wrap_error_page$fn__18792.invoke(middleware.clj:9)
	at prone.middleware$wrap_exceptions$fn__18987.invoke(middleware.clj:119)
	at megasite.middleware$wrap_identity$fn__19025.invoke(middleware.clj:73)
	at buddy.auth.middleware$wrap_authentication$fn__18210.invoke(middleware.clj:38)
	at buddy.auth.middleware$wrap_authorization$fn__18224.invoke(middleware.clj:72)
	at ring.middleware.format_params$wrap_format_params$fn__9440.invoke(format_params.clj:119)
	at ring.middleware.format_params$wrap_format_params$fn__9440.invoke(format_params.clj:117)
	at ring.middleware.format_params$wrap_format_params$fn__9440.invoke(format_params.clj:119)
	at ring.middleware.format_response$wrap_format_response$fn__10203.invoke(format_response.clj:183)
	at megasite.middleware$wrap_formats$fn__19020.invoke(middleware.clj:59)
	at ring.middleware.webjars$wrap_webjars$fn__17387.invoke(webjars.clj:34)
	at ring.middleware.flash$wrap_flash$fn__16080.invoke(flash.clj:35)
	at immutant.web.internal.undertow$wrap_undertow_session$fn__19129.invoke(undertow.clj:72)
	at ring.middleware.keyword_params$wrap_keyword_params$fn__10337.invoke(keyword_params.clj:35)
	at ring.middleware.nested_params$wrap_nested_params$fn__10389.invoke(nested_params.clj:84)
	at ring.middleware.multipart_params$wrap_multipart_params$fn__17719.invoke(multipart_params.clj:117)
	at ring.middleware.params$wrap_params$fn__10479.invoke(params.clj:64)
	at ring.middleware.cookies$wrap_cookies$fn__17549.invoke(cookies.clj:161)
	at ring.middleware.absolute_redirects$wrap_absolute_redirects$fn__17813.invoke(absolute_redirects.clj:36)
	at ring.middleware.resource$wrap_resource$fn__17741.invoke(resource.clj:28)
	at ring.middleware.content_type$wrap_content_type$fn__14712.invoke(content_type.clj:30)
	at ring.middleware.default_charset$wrap_default_charset$fn__17788.invoke(default_charset.clj:26)
	at ring.middleware.not_modified$wrap_not_modified$fn__14741.invoke(not_modified.clj:52)
	at ring.middleware.x_headers$wrap_xss_protection$fn__17427.invoke(x_headers.clj:71)
	at ring.middleware.x_headers$wrap_frame_options$fn__17415.invoke(x_headers.clj:38)
	at ring.middleware.x_headers$wrap_content_type_options$fn__17421.invoke(x_headers.clj:53)
	at megasite.middleware$wrap_context$fn__19009.invoke(middleware.clj:32)
	at megasite.middleware$wrap_internal_error$fn__19015.invoke(middleware.clj:37)
	at immutant.web.internal.undertow$create_http_handler$reify__19201.handleRequest(undertow.clj:135)
	at org.projectodd.wunderboss.web.undertow.async.websocket.UndertowWebsocket$2.handleRequest(UndertowWebsocket.java:104)
	at io.undertow.server.session.SessionAttachmentHandler.handleRequest(SessionAttachmentHandler.java:68)
	at io.undertow.server.Connectors.executeRootHandler(Connectors.java:199)
	at io.undertow.server.HttpServerExchange$1.run(HttpServerExchange.java:778)
	at java.util.concurrent.ThreadPoolExecutor.runWorker(ThreadPoolExecutor.java:1142)
	at java.util.concurrent.ThreadPoolExecutor$Worker.run(ThreadPoolExecutor.java:617)
	at java.lang.Thread.run(Thread.java:748)
[2017-06-05 01:06:53,810][ERROR][compojure.api.exception] 
java.lang.NullPointerException
	at java.util.Base64$Decoder.decode(Base64.java:525)
	at sun.reflect.NativeMethodAccessorImpl.invoke0(Native Method)
	at sun.reflect.NativeMethodAccessorImpl.invoke(NativeMethodAccessorImpl.java:62)
	at sun.reflect.DelegatingMethodAccessorImpl.invoke(DelegatingMethodAccessorImpl.java:43)
	at java.lang.reflect.Method.invoke(Method.java:498)
	at clojure.lang.Reflector.invokeMatchingMethod(Reflector.java:93)
	at clojure.lang.Reflector.invokeInstanceMethod(Reflector.java:28)
	at megasite.routes.services.auth$decode_auth.invokeStatic(auth.clj:37)
	at megasite.routes.services.auth$decode_auth.invoke(auth.clj:35)
	at megasite.routes.services.auth$login_BANG_.invokeStatic(auth.clj:47)
	at megasite.routes.services.auth$login_BANG_.invoke(auth.clj:46)
	at megasite.routes.services$fn__21209.invokeStatic(services.clj:33)
	at megasite.routes.services$fn__21209.invoke(services.clj:29)
	at compojure.core$make_route$fn__1818.invoke(core.clj:130)
	at compojure.core$pre_init$fn__1905.invoke(core.clj:256)
	at compojure.api.meta$body_coercer_middleware$fn__13950.invoke(meta.clj:58)
	at compojure.core$pre_init$fn__1907$fn__1908.invoke(core.clj:259)
	at compojure.core$wrap_route_middleware$fn__1814.invoke(core.clj:117)
	at compojure.core$if_route$fn__1786.invoke(core.clj:41)
	at compojure.core$if_method$fn__1778.invoke(core.clj:27)
	at compojure.core$wrap_routes$fn__1913.invoke(core.clj:267)
	at compojure.api.routes.Route.invoke(routes.clj:55)
	at compojure.api.core$ring_handler$fn__14144$fn__14145.invoke(core.clj:11)
	at clojure.core$some.invokeStatic(core.clj:2592)
	at clojure.core$some.invoke(core.clj:2583)
	at compojure.api.core$ring_handler$fn__14144.invoke(core.clj:11)
	at compojure.api.routes.Route.invoke(routes.clj:55)
	at ring.swagger.middleware$wrap_swagger_data$fn__12844.invoke(middleware.clj:33)
	at ring.middleware.http_response$wrap_http_response$fn__10299.invoke(http_response.clj:8)
	at ring.swagger.middleware$wrap_swagger_data$fn__12844.invoke(middleware.clj:33)
	at compojure.api.middleware$wrap_options$fn__13208.invoke(middleware.clj:74)
	at ring.middleware.format_params$wrap_format_params$fn__9440.invoke(format_params.clj:119)
	at ring.middleware.format_params$wrap_format_params$fn__9440.invoke(format_params.clj:119)
	at ring.middleware.format_params$wrap_format_params$fn__9440.invoke(format_params.clj:119)
	at ring.middleware.format_params$wrap_format_params$fn__9440.invoke(format_params.clj:117)
	at ring.middleware.format_params$wrap_format_params$fn__9440.invoke(format_params.clj:119)
	at compojure.api.middleware$wrap_exceptions$fn__13198.invoke(middleware.clj:43)
	at ring.middleware.format_response$wrap_format_response$fn__10203.invoke(format_response.clj:183)
	at ring.middleware.keyword_params$wrap_keyword_params$fn__10337.invoke(keyword_params.clj:35)
	at ring.middleware.nested_params$wrap_nested_params$fn__10389.invoke(nested_params.clj:84)
	at ring.middleware.params$wrap_params$fn__10479.invoke(params.clj:64)
	at compojure.api.middleware$wrap_options$fn__13208.invoke(middleware.clj:74)
	at compojure.api.routes.Route.invoke(routes.clj:55)
	at clojure.lang.Var.invoke(Var.java:379)
	at compojure.core$routing$fn__1825.invoke(core.clj:144)
	at clojure.core$some.invokeStatic(core.clj:2592)
	at clojure.core$some.invoke(core.clj:2583)
	at compojure.core$routing.invokeStatic(core.clj:144)
	at compojure.core$routing.doInvoke(core.clj:141)
	at clojure.lang.RestFn.applyTo(RestFn.java:139)
	at clojure.core$apply.invokeStatic(core.clj:648)
	at clojure.core$apply.invoke(core.clj:641)
	at compojure.core$routes$fn__1829.invoke(core.clj:149)
	at clojure.lang.Var.invoke(Var.java:379)
	at ring.middleware.reload$wrap_reload$fn__18773.invoke(reload.clj:22)
	at selmer.middleware$wrap_error_page$fn__18792.invoke(middleware.clj:9)
	at prone.middleware$wrap_exceptions$fn__18987.invoke(middleware.clj:119)
	at megasite.middleware$wrap_identity$fn__19025.invoke(middleware.clj:73)
	at buddy.auth.middleware$wrap_authentication$fn__18210.invoke(middleware.clj:38)
	at buddy.auth.middleware$wrap_authorization$fn__18224.invoke(middleware.clj:72)
	at ring.middleware.format_params$wrap_format_params$fn__9440.invoke(format_params.clj:119)
	at ring.middleware.format_params$wrap_format_params$fn__9440.invoke(format_params.clj:117)
	at ring.middleware.format_params$wrap_format_params$fn__9440.invoke(format_params.clj:119)
	at ring.middleware.format_response$wrap_format_response$fn__10203.invoke(format_response.clj:183)
	at megasite.middleware$wrap_formats$fn__19020.invoke(middleware.clj:59)
	at ring.middleware.webjars$wrap_webjars$fn__17387.invoke(webjars.clj:34)
	at ring.middleware.flash$wrap_flash$fn__16080.invoke(flash.clj:35)
	at immutant.web.internal.undertow$wrap_undertow_session$fn__19129.invoke(undertow.clj:72)
	at ring.middleware.keyword_params$wrap_keyword_params$fn__10337.invoke(keyword_params.clj:35)
	at ring.middleware.nested_params$wrap_nested_params$fn__10389.invoke(nested_params.clj:84)
	at ring.middleware.multipart_params$wrap_multipart_params$fn__17719.invoke(multipart_params.clj:117)
	at ring.middleware.params$wrap_params$fn__10479.invoke(params.clj:64)
	at ring.middleware.cookies$wrap_cookies$fn__17549.invoke(cookies.clj:161)
	at ring.middleware.absolute_redirects$wrap_absolute_redirects$fn__17813.invoke(absolute_redirects.clj:36)
	at ring.middleware.resource$wrap_resource$fn__17741.invoke(resource.clj:28)
	at ring.middleware.content_type$wrap_content_type$fn__14712.invoke(content_type.clj:30)
	at ring.middleware.default_charset$wrap_default_charset$fn__17788.invoke(default_charset.clj:26)
	at ring.middleware.not_modified$wrap_not_modified$fn__14741.invoke(not_modified.clj:52)
	at ring.middleware.x_headers$wrap_xss_protection$fn__17427.invoke(x_headers.clj:71)
	at ring.middleware.x_headers$wrap_frame_options$fn__17415.invoke(x_headers.clj:38)
	at ring.middleware.x_headers$wrap_content_type_options$fn__17421.invoke(x_headers.clj:53)
	at megasite.middleware$wrap_context$fn__19009.invoke(middleware.clj:32)
	at megasite.middleware$wrap_internal_error$fn__19015.invoke(middleware.clj:37)
	at immutant.web.internal.undertow$create_http_handler$reify__19201.handleRequest(undertow.clj:135)
	at org.projectodd.wunderboss.web.undertow.async.websocket.UndertowWebsocket$2.handleRequest(UndertowWebsocket.java:104)
	at io.undertow.server.session.SessionAttachmentHandler.handleRequest(SessionAttachmentHandler.java:68)
	at io.undertow.server.Connectors.executeRootHandler(Connectors.java:199)
	at io.undertow.server.HttpServerExchange$1.run(HttpServerExchange.java:778)
	at java.util.concurrent.ThreadPoolExecutor.runWorker(ThreadPoolExecutor.java:1142)
	at java.util.concurrent.ThreadPoolExecutor$Worker.run(ThreadPoolExecutor.java:617)
	at java.lang.Thread.run(Thread.java:748)
[2017-06-05 01:08:56,914][ERROR][compojure.api.exception] 
java.lang.NullPointerException
	at java.util.Base64$Decoder.decode(Base64.java:525)
	at sun.reflect.NativeMethodAccessorImpl.invoke0(Native Method)
	at sun.reflect.NativeMethodAccessorImpl.invoke(NativeMethodAccessorImpl.java:62)
	at sun.reflect.DelegatingMethodAccessorImpl.invoke(DelegatingMethodAccessorImpl.java:43)
	at java.lang.reflect.Method.invoke(Method.java:498)
	at clojure.lang.Reflector.invokeMatchingMethod(Reflector.java:93)
	at clojure.lang.Reflector.invokeInstanceMethod(Reflector.java:28)
	at megasite.routes.services.auth$decode_auth.invokeStatic(auth.clj:37)
	at megasite.routes.services.auth$decode_auth.invoke(auth.clj:35)
	at megasite.routes.services.auth$login_BANG_.invokeStatic(auth.clj:47)
	at megasite.routes.services.auth$login_BANG_.invoke(auth.clj:46)
	at megasite.routes.services$fn__21209.invokeStatic(services.clj:33)
	at megasite.routes.services$fn__21209.invoke(services.clj:29)
	at compojure.core$make_route$fn__1818.invoke(core.clj:130)
	at compojure.core$pre_init$fn__1905.invoke(core.clj:256)
	at compojure.api.meta$body_coercer_middleware$fn__13950.invoke(meta.clj:58)
	at compojure.core$pre_init$fn__1907$fn__1908.invoke(core.clj:259)
	at compojure.core$wrap_route_middleware$fn__1814.invoke(core.clj:117)
	at compojure.core$if_route$fn__1786.invoke(core.clj:41)
	at compojure.core$if_method$fn__1778.invoke(core.clj:27)
	at compojure.core$wrap_routes$fn__1913.invoke(core.clj:267)
	at compojure.api.routes.Route.invoke(routes.clj:55)
	at compojure.api.core$ring_handler$fn__14144$fn__14145.invoke(core.clj:11)
	at clojure.core$some.invokeStatic(core.clj:2592)
	at clojure.core$some.invoke(core.clj:2583)
	at compojure.api.core$ring_handler$fn__14144.invoke(core.clj:11)
	at compojure.api.routes.Route.invoke(routes.clj:55)
	at ring.swagger.middleware$wrap_swagger_data$fn__12844.invoke(middleware.clj:33)
	at ring.middleware.http_response$wrap_http_response$fn__10299.invoke(http_response.clj:8)
	at ring.swagger.middleware$wrap_swagger_data$fn__12844.invoke(middleware.clj:33)
	at compojure.api.middleware$wrap_options$fn__13208.invoke(middleware.clj:74)
	at ring.middleware.format_params$wrap_format_params$fn__9440.invoke(format_params.clj:119)
	at ring.middleware.format_params$wrap_format_params$fn__9440.invoke(format_params.clj:119)
	at ring.middleware.format_params$wrap_format_params$fn__9440.invoke(format_params.clj:119)
	at ring.middleware.format_params$wrap_format_params$fn__9440.invoke(format_params.clj:117)
	at ring.middleware.format_params$wrap_format_params$fn__9440.invoke(format_params.clj:119)
	at compojure.api.middleware$wrap_exceptions$fn__13198.invoke(middleware.clj:43)
	at ring.middleware.format_response$wrap_format_response$fn__10203.invoke(format_response.clj:183)
	at ring.middleware.keyword_params$wrap_keyword_params$fn__10337.invoke(keyword_params.clj:35)
	at ring.middleware.nested_params$wrap_nested_params$fn__10389.invoke(nested_params.clj:84)
	at ring.middleware.params$wrap_params$fn__10479.invoke(params.clj:64)
	at compojure.api.middleware$wrap_options$fn__13208.invoke(middleware.clj:74)
	at compojure.api.routes.Route.invoke(routes.clj:55)
	at clojure.lang.Var.invoke(Var.java:379)
	at compojure.core$routing$fn__1825.invoke(core.clj:144)
	at clojure.core$some.invokeStatic(core.clj:2592)
	at clojure.core$some.invoke(core.clj:2583)
	at compojure.core$routing.invokeStatic(core.clj:144)
	at compojure.core$routing.doInvoke(core.clj:141)
	at clojure.lang.RestFn.applyTo(RestFn.java:139)
	at clojure.core$apply.invokeStatic(core.clj:648)
	at clojure.core$apply.invoke(core.clj:641)
	at compojure.core$routes$fn__1829.invoke(core.clj:149)
	at clojure.lang.Var.invoke(Var.java:379)
	at ring.middleware.reload$wrap_reload$fn__18773.invoke(reload.clj:22)
	at selmer.middleware$wrap_error_page$fn__18792.invoke(middleware.clj:9)
	at prone.middleware$wrap_exceptions$fn__18987.invoke(middleware.clj:119)
	at megasite.middleware$wrap_identity$fn__19025.invoke(middleware.clj:73)
	at buddy.auth.middleware$wrap_authentication$fn__18210.invoke(middleware.clj:38)
	at buddy.auth.middleware$wrap_authorization$fn__18224.invoke(middleware.clj:72)
	at ring.middleware.format_params$wrap_format_params$fn__9440.invoke(format_params.clj:119)
	at ring.middleware.format_params$wrap_format_params$fn__9440.invoke(format_params.clj:117)
	at ring.middleware.format_params$wrap_format_params$fn__9440.invoke(format_params.clj:119)
	at ring.middleware.format_response$wrap_format_response$fn__10203.invoke(format_response.clj:183)
	at megasite.middleware$wrap_formats$fn__19020.invoke(middleware.clj:59)
	at ring.middleware.webjars$wrap_webjars$fn__17387.invoke(webjars.clj:34)
	at ring.middleware.flash$wrap_flash$fn__16080.invoke(flash.clj:35)
	at immutant.web.internal.undertow$wrap_undertow_session$fn__19129.invoke(undertow.clj:72)
	at ring.middleware.keyword_params$wrap_keyword_params$fn__10337.invoke(keyword_params.clj:35)
	at ring.middleware.nested_params$wrap_nested_params$fn__10389.invoke(nested_params.clj:84)
	at ring.middleware.multipart_params$wrap_multipart_params$fn__17719.invoke(multipart_params.clj:117)
	at ring.middleware.params$wrap_params$fn__10479.invoke(params.clj:64)
	at ring.middleware.cookies$wrap_cookies$fn__17549.invoke(cookies.clj:161)
	at ring.middleware.absolute_redirects$wrap_absolute_redirects$fn__17813.invoke(absolute_redirects.clj:36)
	at ring.middleware.resource$wrap_resource$fn__17741.invoke(resource.clj:28)
	at ring.middleware.content_type$wrap_content_type$fn__14712.invoke(content_type.clj:30)
	at ring.middleware.default_charset$wrap_default_charset$fn__17788.invoke(default_charset.clj:26)
	at ring.middleware.not_modified$wrap_not_modified$fn__14741.invoke(not_modified.clj:52)
	at ring.middleware.x_headers$wrap_xss_protection$fn__17427.invoke(x_headers.clj:71)
	at ring.middleware.x_headers$wrap_frame_options$fn__17415.invoke(x_headers.clj:38)
	at ring.middleware.x_headers$wrap_content_type_options$fn__17421.invoke(x_headers.clj:53)
	at megasite.middleware$wrap_context$fn__19009.invoke(middleware.clj:32)
	at megasite.middleware$wrap_internal_error$fn__19015.invoke(middleware.clj:37)
	at immutant.web.internal.undertow$create_http_handler$reify__19201.handleRequest(undertow.clj:135)
	at org.projectodd.wunderboss.web.undertow.async.websocket.UndertowWebsocket$2.handleRequest(UndertowWebsocket.java:104)
	at io.undertow.server.session.SessionAttachmentHandler.handleRequest(SessionAttachmentHandler.java:68)
	at io.undertow.server.Connectors.executeRootHandler(Connectors.java:199)
	at io.undertow.server.HttpServerExchange$1.run(HttpServerExchange.java:778)
	at java.util.concurrent.ThreadPoolExecutor.runWorker(ThreadPoolExecutor.java:1142)
	at java.util.concurrent.ThreadPoolExecutor$Worker.run(ThreadPoolExecutor.java:617)
	at java.lang.Thread.run(Thread.java:748)
[2017-06-05 11:30:44,373][ERROR][compojure.api.exception] 
java.lang.NullPointerException
	at java.util.Base64$Decoder.decode(Base64.java:525)
	at sun.reflect.NativeMethodAccessorImpl.invoke0(Native Method)
	at sun.reflect.NativeMethodAccessorImpl.invoke(NativeMethodAccessorImpl.java:62)
	at sun.reflect.DelegatingMethodAccessorImpl.invoke(DelegatingMethodAccessorImpl.java:43)
	at java.lang.reflect.Method.invoke(Method.java:498)
	at clojure.lang.Reflector.invokeMatchingMethod(Reflector.java:93)
	at clojure.lang.Reflector.invokeInstanceMethod(Reflector.java:28)
	at megasite.routes.services.auth$decode_auth.invokeStatic(auth.clj:37)
	at megasite.routes.services.auth$decode_auth.invoke(auth.clj:35)
	at megasite.routes.services.auth$login_BANG_.invokeStatic(auth.clj:47)
	at megasite.routes.services.auth$login_BANG_.invoke(auth.clj:46)
	at megasite.routes.services$fn__21209.invokeStatic(services.clj:33)
	at megasite.routes.services$fn__21209.invoke(services.clj:29)
	at compojure.core$make_route$fn__1818.invoke(core.clj:130)
	at compojure.core$pre_init$fn__1905.invoke(core.clj:256)
	at compojure.api.meta$body_coercer_middleware$fn__13950.invoke(meta.clj:58)
	at compojure.core$pre_init$fn__1907$fn__1908.invoke(core.clj:259)
	at compojure.core$wrap_route_middleware$fn__1814.invoke(core.clj:117)
	at compojure.core$if_route$fn__1786.invoke(core.clj:41)
	at compojure.core$if_method$fn__1778.invoke(core.clj:27)
	at compojure.core$wrap_routes$fn__1913.invoke(core.clj:267)
	at compojure.api.routes.Route.invoke(routes.clj:55)
	at compojure.api.core$ring_handler$fn__14144$fn__14145.invoke(core.clj:11)
	at clojure.core$some.invokeStatic(core.clj:2592)
	at clojure.core$some.invoke(core.clj:2583)
	at compojure.api.core$ring_handler$fn__14144.invoke(core.clj:11)
	at compojure.api.routes.Route.invoke(routes.clj:55)
	at ring.swagger.middleware$wrap_swagger_data$fn__12844.invoke(middleware.clj:33)
	at ring.middleware.http_response$wrap_http_response$fn__10299.invoke(http_response.clj:8)
	at ring.swagger.middleware$wrap_swagger_data$fn__12844.invoke(middleware.clj:33)
	at compojure.api.middleware$wrap_options$fn__13208.invoke(middleware.clj:74)
	at ring.middleware.format_params$wrap_format_params$fn__9440.invoke(format_params.clj:119)
	at ring.middleware.format_params$wrap_format_params$fn__9440.invoke(format_params.clj:119)
	at ring.middleware.format_params$wrap_format_params$fn__9440.invoke(format_params.clj:119)
	at ring.middleware.format_params$wrap_format_params$fn__9440.invoke(format_params.clj:117)
	at ring.middleware.format_params$wrap_format_params$fn__9440.invoke(format_params.clj:119)
	at compojure.api.middleware$wrap_exceptions$fn__13198.invoke(middleware.clj:43)
	at ring.middleware.format_response$wrap_format_response$fn__10203.invoke(format_response.clj:183)
	at ring.middleware.keyword_params$wrap_keyword_params$fn__10337.invoke(keyword_params.clj:35)
	at ring.middleware.nested_params$wrap_nested_params$fn__10389.invoke(nested_params.clj:84)
	at ring.middleware.params$wrap_params$fn__10479.invoke(params.clj:64)
	at compojure.api.middleware$wrap_options$fn__13208.invoke(middleware.clj:74)
	at compojure.api.routes.Route.invoke(routes.clj:55)
	at clojure.lang.Var.invoke(Var.java:379)
	at compojure.core$routing$fn__1825.invoke(core.clj:144)
	at clojure.core$some.invokeStatic(core.clj:2592)
	at clojure.core$some.invoke(core.clj:2583)
	at compojure.core$routing.invokeStatic(core.clj:144)
	at compojure.core$routing.doInvoke(core.clj:141)
	at clojure.lang.RestFn.applyTo(RestFn.java:139)
	at clojure.core$apply.invokeStatic(core.clj:648)
	at clojure.core$apply.invoke(core.clj:641)
	at compojure.core$routes$fn__1829.invoke(core.clj:149)
	at clojure.lang.Var.invoke(Var.java:379)
	at ring.middleware.reload$wrap_reload$fn__18773.invoke(reload.clj:22)
	at selmer.middleware$wrap_error_page$fn__18792.invoke(middleware.clj:9)
	at prone.middleware$wrap_exceptions$fn__18987.invoke(middleware.clj:119)
	at megasite.middleware$wrap_identity$fn__19025.invoke(middleware.clj:73)
	at buddy.auth.middleware$wrap_authentication$fn__18210.invoke(middleware.clj:38)
	at buddy.auth.middleware$wrap_authorization$fn__18224.invoke(middleware.clj:72)
	at ring.middleware.format_params$wrap_format_params$fn__9440.invoke(format_params.clj:119)
	at ring.middleware.format_params$wrap_format_params$fn__9440.invoke(format_params.clj:117)
	at ring.middleware.format_params$wrap_format_params$fn__9440.invoke(format_params.clj:119)
	at ring.middleware.format_response$wrap_format_response$fn__10203.invoke(format_response.clj:183)
	at megasite.middleware$wrap_formats$fn__19020.invoke(middleware.clj:59)
	at ring.middleware.webjars$wrap_webjars$fn__17387.invoke(webjars.clj:34)
	at ring.middleware.flash$wrap_flash$fn__16080.invoke(flash.clj:35)
	at immutant.web.internal.undertow$wrap_undertow_session$fn__19129.invoke(undertow.clj:72)
	at ring.middleware.keyword_params$wrap_keyword_params$fn__10337.invoke(keyword_params.clj:35)
	at ring.middleware.nested_params$wrap_nested_params$fn__10389.invoke(nested_params.clj:84)
	at ring.middleware.multipart_params$wrap_multipart_params$fn__17719.invoke(multipart_params.clj:117)
	at ring.middleware.params$wrap_params$fn__10479.invoke(params.clj:64)
	at ring.middleware.cookies$wrap_cookies$fn__17549.invoke(cookies.clj:161)
	at ring.middleware.absolute_redirects$wrap_absolute_redirects$fn__17813.invoke(absolute_redirects.clj:36)
	at ring.middleware.resource$wrap_resource$fn__17741.invoke(resource.clj:28)
	at ring.middleware.content_type$wrap_content_type$fn__14712.invoke(content_type.clj:30)
	at ring.middleware.default_charset$wrap_default_charset$fn__17788.invoke(default_charset.clj:26)
	at ring.middleware.not_modified$wrap_not_modified$fn__14741.invoke(not_modified.clj:52)
	at ring.middleware.x_headers$wrap_xss_protection$fn__17427.invoke(x_headers.clj:71)
	at ring.middleware.x_headers$wrap_frame_options$fn__17415.invoke(x_headers.clj:38)
	at ring.middleware.x_headers$wrap_content_type_options$fn__17421.invoke(x_headers.clj:53)
	at megasite.middleware$wrap_context$fn__19009.invoke(middleware.clj:32)
	at megasite.middleware$wrap_internal_error$fn__19015.invoke(middleware.clj:37)
	at immutant.web.internal.undertow$create_http_handler$reify__19201.handleRequest(undertow.clj:135)
	at org.projectodd.wunderboss.web.undertow.async.websocket.UndertowWebsocket$2.handleRequest(UndertowWebsocket.java:104)
	at io.undertow.server.session.SessionAttachmentHandler.handleRequest(SessionAttachmentHandler.java:68)
	at io.undertow.server.Connectors.executeRootHandler(Connectors.java:199)
	at io.undertow.server.HttpServerExchange$1.run(HttpServerExchange.java:778)
	at java.util.concurrent.ThreadPoolExecutor.runWorker(ThreadPoolExecutor.java:1142)
	at java.util.concurrent.ThreadPoolExecutor$Worker.run(ThreadPoolExecutor.java:617)
	at java.lang.Thread.run(Thread.java:748)
[2017-06-05 11:30:56,774][INFO][luminus.repl-server] nREPL server stopped
[2017-06-05 11:30:56,777][INFO][megasite.handler] megasite is shutting down...
[2017-06-05 11:30:56,781][INFO][com.zaxxer.hikari.pool.HikariPool] HikariPool-0 - is closing down.
[2017-06-05 11:30:56,786][INFO][megasite.handler] #'megasite.db.core/*db* stopped
[2017-06-05 11:30:56,787][INFO][megasite.handler] shutdown complete!
[2017-06-05 11:30:56,789][DEBUG][org.projectodd.wunderboss.WunderBoss] Returning existing component for org.projectodd.wunderboss.web.Web:-1645144552, ignoring options.
[2017-06-05 11:30:56,802][INFO][luminus.http-server] HTTP server stopped
[2017-06-05 11:31:07,983][DEBUG][org.jboss.logging] Logging Provider: org.jboss.logging.Log4jLoggerProvider
[2017-06-05 11:31:08,496][INFO][luminus.repl-server] nREPL server started on port 7000
[2017-06-05 11:31:08,499][INFO][com.zaxxer.hikari.HikariDataSource] HikariPool-0 - is starting.
[2017-06-05 11:31:08,580][INFO][megasite.handler] #'megasite.db.core/*db* started
[2017-06-05 11:31:08,580][INFO][megasite.config] 
-=[megasite started successfully using the development profile]=-
[2017-06-05 11:31:08,603][INFO][org.xnio] XNIO version 3.4.0.Beta1
[2017-06-05 11:31:08,645][INFO][org.xnio.nio] XNIO NIO Implementation Version 3.4.0.Beta1
[2017-06-05 11:31:08,685][INFO][org.projectodd.wunderboss.web.Web] Registered web context /
[2017-06-05 11:31:08,685][INFO][luminus.http-server] server started on port 3000
[2017-06-05 11:31:10,932][ERROR][compojure.api.exception] 
java.lang.NullPointerException
	at java.util.Base64$Decoder.decode(Base64.java:525)
	at sun.reflect.NativeMethodAccessorImpl.invoke0(Native Method)
	at sun.reflect.NativeMethodAccessorImpl.invoke(NativeMethodAccessorImpl.java:62)
	at sun.reflect.DelegatingMethodAccessorImpl.invoke(DelegatingMethodAccessorImpl.java:43)
	at java.lang.reflect.Method.invoke(Method.java:498)
	at clojure.lang.Reflector.invokeMatchingMethod(Reflector.java:93)
	at clojure.lang.Reflector.invokeInstanceMethod(Reflector.java:28)
	at megasite.routes.services.auth$decode_auth.invokeStatic(auth.clj:37)
	at megasite.routes.services.auth$decode_auth.invoke(auth.clj:35)
	at megasite.routes.services.auth$login_BANG_.invokeStatic(auth.clj:47)
	at megasite.routes.services.auth$login_BANG_.invoke(auth.clj:46)
	at megasite.routes.services$fn__16066.invokeStatic(services.clj:33)
	at megasite.routes.services$fn__16066.invoke(services.clj:29)
	at compojure.core$make_route$fn__1818.invoke(core.clj:130)
	at compojure.core$pre_init$fn__1905.invoke(core.clj:256)
	at compojure.api.meta$body_coercer_middleware$fn__13960.invoke(meta.clj:58)
	at compojure.core$pre_init$fn__1907$fn__1908.invoke(core.clj:259)
	at compojure.core$wrap_route_middleware$fn__1814.invoke(core.clj:117)
	at compojure.core$if_route$fn__1786.invoke(core.clj:41)
	at compojure.core$if_method$fn__1778.invoke(core.clj:27)
	at compojure.core$wrap_routes$fn__1913.invoke(core.clj:267)
	at compojure.api.routes.Route.invoke(routes.clj:55)
	at compojure.api.core$ring_handler$fn__14154$fn__14155.invoke(core.clj:11)
	at clojure.core$some.invokeStatic(core.clj:2592)
	at clojure.core$some.invoke(core.clj:2583)
	at compojure.api.core$ring_handler$fn__14154.invoke(core.clj:11)
	at compojure.api.routes.Route.invoke(routes.clj:55)
	at ring.swagger.middleware$wrap_swagger_data$fn__12854.invoke(middleware.clj:33)
	at ring.middleware.http_response$wrap_http_response$fn__10309.invoke(http_response.clj:8)
	at ring.swagger.middleware$wrap_swagger_data$fn__12854.invoke(middleware.clj:33)
	at compojure.api.middleware$wrap_options$fn__13218.invoke(middleware.clj:74)
	at ring.middleware.format_params$wrap_format_params$fn__9450.invoke(format_params.clj:119)
	at ring.middleware.format_params$wrap_format_params$fn__9450.invoke(format_params.clj:119)
	at ring.middleware.format_params$wrap_format_params$fn__9450.invoke(format_params.clj:119)
	at ring.middleware.format_params$wrap_format_params$fn__9450.invoke(format_params.clj:117)
	at ring.middleware.format_params$wrap_format_params$fn__9450.invoke(format_params.clj:119)
	at compojure.api.middleware$wrap_exceptions$fn__13208.invoke(middleware.clj:43)
	at ring.middleware.format_response$wrap_format_response$fn__10213.invoke(format_response.clj:183)
	at ring.middleware.keyword_params$wrap_keyword_params$fn__10347.invoke(keyword_params.clj:35)
	at ring.middleware.nested_params$wrap_nested_params$fn__10399.invoke(nested_params.clj:84)
	at ring.middleware.params$wrap_params$fn__10489.invoke(params.clj:64)
	at compojure.api.middleware$wrap_options$fn__13218.invoke(middleware.clj:74)
	at compojure.api.routes.Route.invoke(routes.clj:55)
	at clojure.lang.Var.invoke(Var.java:379)
	at compojure.core$routing$fn__1825.invoke(core.clj:144)
	at clojure.core$some.invokeStatic(core.clj:2592)
	at clojure.core$some.invoke(core.clj:2583)
	at compojure.core$routing.invokeStatic(core.clj:144)
	at compojure.core$routing.doInvoke(core.clj:141)
	at clojure.lang.RestFn.applyTo(RestFn.java:139)
	at clojure.core$apply.invokeStatic(core.clj:648)
	at clojure.core$apply.invoke(core.clj:641)
	at compojure.core$routes$fn__1829.invoke(core.clj:149)
	at clojure.lang.Var.invoke(Var.java:379)
	at ring.middleware.reload$wrap_reload$fn__18789.invoke(reload.clj:22)
	at selmer.middleware$wrap_error_page$fn__18808.invoke(middleware.clj:9)
	at prone.middleware$wrap_exceptions$fn__19003.invoke(middleware.clj:119)
	at megasite.middleware$wrap_identity$fn__19041.invoke(middleware.clj:73)
	at buddy.auth.middleware$wrap_authentication$fn__18226.invoke(middleware.clj:38)
	at buddy.auth.middleware$wrap_authorization$fn__18240.invoke(middleware.clj:72)
	at ring.middleware.format_params$wrap_format_params$fn__9450.invoke(format_params.clj:119)
	at ring.middleware.format_params$wrap_format_params$fn__9450.invoke(format_params.clj:117)
	at ring.middleware.format_params$wrap_format_params$fn__9450.invoke(format_params.clj:119)
	at ring.middleware.format_response$wrap_format_response$fn__10213.invoke(format_response.clj:183)
	at megasite.middleware$wrap_formats$fn__19036.invoke(middleware.clj:59)
	at ring.middleware.webjars$wrap_webjars$fn__17403.invoke(webjars.clj:34)
	at ring.middleware.flash$wrap_flash$fn__16096.invoke(flash.clj:35)
	at immutant.web.internal.undertow$wrap_undertow_session$fn__19145.invoke(undertow.clj:72)
	at ring.middleware.keyword_params$wrap_keyword_params$fn__10347.invoke(keyword_params.clj:35)
	at ring.middleware.nested_params$wrap_nested_params$fn__10399.invoke(nested_params.clj:84)
	at ring.middleware.multipart_params$wrap_multipart_params$fn__17735.invoke(multipart_params.clj:117)
	at ring.middleware.params$wrap_params$fn__10489.invoke(params.clj:64)
	at ring.middleware.cookies$wrap_cookies$fn__17565.invoke(cookies.clj:161)
	at ring.middleware.absolute_redirects$wrap_absolute_redirects$fn__17829.invoke(absolute_redirects.clj:36)
	at ring.middleware.resource$wrap_resource$fn__17757.invoke(resource.clj:28)
	at ring.middleware.content_type$wrap_content_type$fn__14722.invoke(content_type.clj:30)
	at ring.middleware.default_charset$wrap_default_charset$fn__17804.invoke(default_charset.clj:26)
	at ring.middleware.not_modified$wrap_not_modified$fn__14751.invoke(not_modified.clj:52)
	at ring.middleware.x_headers$wrap_xss_protection$fn__17443.invoke(x_headers.clj:71)
	at ring.middleware.x_headers$wrap_frame_options$fn__17431.invoke(x_headers.clj:38)
	at ring.middleware.x_headers$wrap_content_type_options$fn__17437.invoke(x_headers.clj:53)
	at megasite.middleware$wrap_context$fn__19025.invoke(middleware.clj:32)
	at megasite.middleware$wrap_internal_error$fn__19031.invoke(middleware.clj:37)
	at immutant.web.internal.undertow$create_http_handler$reify__19217.handleRequest(undertow.clj:135)
	at org.projectodd.wunderboss.web.undertow.async.websocket.UndertowWebsocket$2.handleRequest(UndertowWebsocket.java:104)
	at io.undertow.server.session.SessionAttachmentHandler.handleRequest(SessionAttachmentHandler.java:68)
	at io.undertow.server.Connectors.executeRootHandler(Connectors.java:199)
	at io.undertow.server.HttpServerExchange$1.run(HttpServerExchange.java:778)
	at java.util.concurrent.ThreadPoolExecutor.runWorker(ThreadPoolExecutor.java:1142)
	at java.util.concurrent.ThreadPoolExecutor$Worker.run(ThreadPoolExecutor.java:617)
	at java.lang.Thread.run(Thread.java:748)
[2017-06-05 11:32:11,053][ERROR][compojure.api.exception] 
java.lang.NullPointerException
	at java.util.Base64$Decoder.decode(Base64.java:525)
	at sun.reflect.NativeMethodAccessorImpl.invoke0(Native Method)
	at sun.reflect.NativeMethodAccessorImpl.invoke(NativeMethodAccessorImpl.java:62)
	at sun.reflect.DelegatingMethodAccessorImpl.invoke(DelegatingMethodAccessorImpl.java:43)
	at java.lang.reflect.Method.invoke(Method.java:498)
	at clojure.lang.Reflector.invokeMatchingMethod(Reflector.java:93)
	at clojure.lang.Reflector.invokeInstanceMethod(Reflector.java:28)
	at megasite.routes.services.auth$decode_auth.invokeStatic(auth.clj:37)
	at megasite.routes.services.auth$decode_auth.invoke(auth.clj:35)
	at megasite.routes.services.auth$login_BANG_.invokeStatic(auth.clj:47)
	at megasite.routes.services.auth$login_BANG_.invoke(auth.clj:46)
	at megasite.routes.services$fn__16066.invokeStatic(services.clj:33)
	at megasite.routes.services$fn__16066.invoke(services.clj:29)
	at compojure.core$make_route$fn__1818.invoke(core.clj:130)
	at compojure.core$pre_init$fn__1905.invoke(core.clj:256)
	at compojure.api.meta$body_coercer_middleware$fn__13960.invoke(meta.clj:58)
	at compojure.core$pre_init$fn__1907$fn__1908.invoke(core.clj:259)
	at compojure.core$wrap_route_middleware$fn__1814.invoke(core.clj:117)
	at compojure.core$if_route$fn__1786.invoke(core.clj:41)
	at compojure.core$if_method$fn__1778.invoke(core.clj:27)
	at compojure.core$wrap_routes$fn__1913.invoke(core.clj:267)
	at compojure.api.routes.Route.invoke(routes.clj:55)
	at compojure.api.core$ring_handler$fn__14154$fn__14155.invoke(core.clj:11)
	at clojure.core$some.invokeStatic(core.clj:2592)
	at clojure.core$some.invoke(core.clj:2583)
	at compojure.api.core$ring_handler$fn__14154.invoke(core.clj:11)
	at compojure.api.routes.Route.invoke(routes.clj:55)
	at ring.swagger.middleware$wrap_swagger_data$fn__12854.invoke(middleware.clj:33)
	at ring.middleware.http_response$wrap_http_response$fn__10309.invoke(http_response.clj:8)
	at ring.swagger.middleware$wrap_swagger_data$fn__12854.invoke(middleware.clj:33)
	at compojure.api.middleware$wrap_options$fn__13218.invoke(middleware.clj:74)
	at ring.middleware.format_params$wrap_format_params$fn__9450.invoke(format_params.clj:119)
	at ring.middleware.format_params$wrap_format_params$fn__9450.invoke(format_params.clj:119)
	at ring.middleware.format_params$wrap_format_params$fn__9450.invoke(format_params.clj:119)
	at ring.middleware.format_params$wrap_format_params$fn__9450.invoke(format_params.clj:117)
	at ring.middleware.format_params$wrap_format_params$fn__9450.invoke(format_params.clj:119)
	at compojure.api.middleware$wrap_exceptions$fn__13208.invoke(middleware.clj:43)
	at ring.middleware.format_response$wrap_format_response$fn__10213.invoke(format_response.clj:183)
	at ring.middleware.keyword_params$wrap_keyword_params$fn__10347.invoke(keyword_params.clj:35)
	at ring.middleware.nested_params$wrap_nested_params$fn__10399.invoke(nested_params.clj:84)
	at ring.middleware.params$wrap_params$fn__10489.invoke(params.clj:64)
	at compojure.api.middleware$wrap_options$fn__13218.invoke(middleware.clj:74)
	at compojure.api.routes.Route.invoke(routes.clj:55)
	at clojure.lang.Var.invoke(Var.java:379)
	at compojure.core$routing$fn__1825.invoke(core.clj:144)
	at clojure.core$some.invokeStatic(core.clj:2592)
	at clojure.core$some.invoke(core.clj:2583)
	at compojure.core$routing.invokeStatic(core.clj:144)
	at compojure.core$routing.doInvoke(core.clj:141)
	at clojure.lang.RestFn.applyTo(RestFn.java:139)
	at clojure.core$apply.invokeStatic(core.clj:648)
	at clojure.core$apply.invoke(core.clj:641)
	at compojure.core$routes$fn__1829.invoke(core.clj:149)
	at clojure.lang.Var.invoke(Var.java:379)
	at ring.middleware.reload$wrap_reload$fn__18789.invoke(reload.clj:22)
	at selmer.middleware$wrap_error_page$fn__18808.invoke(middleware.clj:9)
	at prone.middleware$wrap_exceptions$fn__19003.invoke(middleware.clj:119)
	at megasite.middleware$wrap_identity$fn__19041.invoke(middleware.clj:73)
	at buddy.auth.middleware$wrap_authentication$fn__18226.invoke(middleware.clj:38)
	at buddy.auth.middleware$wrap_authorization$fn__18240.invoke(middleware.clj:72)
	at ring.middleware.format_params$wrap_format_params$fn__9450.invoke(format_params.clj:119)
	at ring.middleware.format_params$wrap_format_params$fn__9450.invoke(format_params.clj:117)
	at ring.middleware.format_params$wrap_format_params$fn__9450.invoke(format_params.clj:119)
	at ring.middleware.format_response$wrap_format_response$fn__10213.invoke(format_response.clj:183)
	at megasite.middleware$wrap_formats$fn__19036.invoke(middleware.clj:59)
	at ring.middleware.webjars$wrap_webjars$fn__17403.invoke(webjars.clj:34)
	at ring.middleware.flash$wrap_flash$fn__16096.invoke(flash.clj:35)
	at immutant.web.internal.undertow$wrap_undertow_session$fn__19145.invoke(undertow.clj:72)
	at ring.middleware.keyword_params$wrap_keyword_params$fn__10347.invoke(keyword_params.clj:35)
	at ring.middleware.nested_params$wrap_nested_params$fn__10399.invoke(nested_params.clj:84)
	at ring.middleware.multipart_params$wrap_multipart_params$fn__17735.invoke(multipart_params.clj:117)
	at ring.middleware.params$wrap_params$fn__10489.invoke(params.clj:64)
	at ring.middleware.cookies$wrap_cookies$fn__17565.invoke(cookies.clj:161)
	at ring.middleware.absolute_redirects$wrap_absolute_redirects$fn__17829.invoke(absolute_redirects.clj:36)
	at ring.middleware.resource$wrap_resource$fn__17757.invoke(resource.clj:28)
	at ring.middleware.content_type$wrap_content_type$fn__14722.invoke(content_type.clj:30)
	at ring.middleware.default_charset$wrap_default_charset$fn__17804.invoke(default_charset.clj:26)
	at ring.middleware.not_modified$wrap_not_modified$fn__14751.invoke(not_modified.clj:52)
	at ring.middleware.x_headers$wrap_xss_protection$fn__17443.invoke(x_headers.clj:71)
	at ring.middleware.x_headers$wrap_frame_options$fn__17431.invoke(x_headers.clj:38)
	at ring.middleware.x_headers$wrap_content_type_options$fn__17437.invoke(x_headers.clj:53)
	at megasite.middleware$wrap_context$fn__19025.invoke(middleware.clj:32)
	at megasite.middleware$wrap_internal_error$fn__19031.invoke(middleware.clj:37)
	at immutant.web.internal.undertow$create_http_handler$reify__19217.handleRequest(undertow.clj:135)
	at org.projectodd.wunderboss.web.undertow.async.websocket.UndertowWebsocket$2.handleRequest(UndertowWebsocket.java:104)
	at io.undertow.server.session.SessionAttachmentHandler.handleRequest(SessionAttachmentHandler.java:68)
	at io.undertow.server.Connectors.executeRootHandler(Connectors.java:199)
	at io.undertow.server.HttpServerExchange$1.run(HttpServerExchange.java:778)
	at java.util.concurrent.ThreadPoolExecutor.runWorker(ThreadPoolExecutor.java:1142)
	at java.util.concurrent.ThreadPoolExecutor$Worker.run(ThreadPoolExecutor.java:617)
	at java.lang.Thread.run(Thread.java:748)
[2017-06-05 11:36:13,939][DEBUG][org.jboss.logging] Logging Provider: org.jboss.logging.Log4jLoggerProvider
[2017-06-05 11:36:49,472][DEBUG][org.jboss.logging] Logging Provider: org.jboss.logging.Log4jLoggerProvider
[2017-06-05 11:39:24,071][DEBUG][org.jboss.logging] Logging Provider: org.jboss.logging.Log4jLoggerProvider
[2017-06-05 11:44:51,571][INFO][luminus.repl-server] nREPL server stopped
[2017-06-05 11:44:51,574][INFO][megasite.handler] megasite is shutting down...
[2017-06-05 11:44:51,578][INFO][com.zaxxer.hikari.pool.HikariPool] HikariPool-0 - is closing down.
[2017-06-05 11:44:51,595][INFO][megasite.handler] #'megasite.db.core/*db* stopped
[2017-06-05 11:44:51,595][INFO][megasite.handler] shutdown complete!
[2017-06-05 11:44:51,596][DEBUG][org.projectodd.wunderboss.WunderBoss] Returning existing component for org.projectodd.wunderboss.web.Web:-1645144552, ignoring options.
[2017-06-05 11:44:51,599][INFO][luminus.http-server] HTTP server stopped
[2017-06-05 11:45:04,220][DEBUG][org.jboss.logging] Logging Provider: org.jboss.logging.Log4jLoggerProvider
[2017-06-05 11:45:04,747][INFO][luminus.repl-server] nREPL server started on port 7000
[2017-06-05 11:45:04,751][INFO][com.zaxxer.hikari.HikariDataSource] HikariPool-0 - is starting.
[2017-06-05 11:45:04,841][INFO][megasite.handler] #'megasite.db.core/*db* started
[2017-06-05 11:45:04,841][INFO][megasite.config] 
-=[megasite started successfully using the development profile]=-
[2017-06-05 11:45:04,866][INFO][org.xnio] XNIO version 3.4.0.Beta1
[2017-06-05 11:45:04,922][INFO][org.xnio.nio] XNIO NIO Implementation Version 3.4.0.Beta1
[2017-06-05 11:45:04,966][INFO][org.projectodd.wunderboss.web.Web] Registered web context /
[2017-06-05 11:45:04,966][INFO][luminus.http-server] server started on port 3000
